[2026-02-28T15:31:14.451+0000] {local_task_job_runner.py:120} INFO - ::group::Pre task execution logs
[2026-02-28T15:31:14.516+0000] {taskinstance.py:2076} INFO - Dependencies all met for dep_context=non-requeueable deps ti=<TaskInstance: etl_pipeline.wait_for_customers manual__2026-02-28T15:31:01.202012+00:00 [queued]>
[2026-02-28T15:31:14.537+0000] {taskinstance.py:2076} INFO - Dependencies all met for dep_context=requeueable deps ti=<TaskInstance: etl_pipeline.wait_for_customers manual__2026-02-28T15:31:01.202012+00:00 [queued]>
[2026-02-28T15:31:14.538+0000] {taskinstance.py:2306} INFO - Starting attempt 1 of 1
[2026-02-28T15:31:14.955+0000] {taskinstance.py:2330} INFO - Executing <Task(FileSensor): wait_for_customers> on 2026-02-28 15:31:01.202012+00:00
[2026-02-28T15:31:15.049+0000] {standard_task_runner.py:90} INFO - Running: ['***', 'tasks', 'run', 'etl_pipeline', 'wait_for_customers', 'manual__2026-02-28T15:31:01.202012+00:00', '--job-id', '33', '--raw', '--subdir', 'DAGS_FOLDER/etl_pipeline_dag.py', '--cfg-path', '/tmp/tmp9_1fh31n']
[2026-02-28T15:31:15.068+0000] {standard_task_runner.py:91} INFO - Job 33: Subtask wait_for_customers
[2026-02-28T15:31:15.052+0000] {warnings.py:112} WARNING - /home/***/.local/lib/python3.12/site-packages/***/task/task_runner/standard_task_runner.py:62: DeprecationWarning: This process (pid=1564) is multi-threaded, use of fork() may lead to deadlocks in the child.
  pid = os.fork()

[2026-02-28T15:31:15.079+0000] {standard_task_runner.py:64} INFO - Started process 1572 to run task
[2026-02-28T15:31:17.550+0000] {task_command.py:426} INFO - Running <TaskInstance: etl_pipeline.wait_for_customers manual__2026-02-28T15:31:01.202012+00:00 [running]> on host ee8b1bd989de
[2026-02-28T15:31:18.602+0000] {taskinstance.py:2648} INFO - Exporting env vars: AIRFLOW_CTX_DAG_OWNER='***' AIRFLOW_CTX_DAG_ID='etl_pipeline' AIRFLOW_CTX_TASK_ID='wait_for_customers' AIRFLOW_CTX_EXECUTION_DATE='2026-02-28T15:31:01.202012+00:00' AIRFLOW_CTX_TRY_NUMBER='1' AIRFLOW_CTX_DAG_RUN_ID='manual__2026-02-28T15:31:01.202012+00:00'
[2026-02-28T15:31:18.608+0000] {taskinstance.py:430} INFO - ::endgroup::
[2026-02-28T15:31:18.609+0000] {baseoperator.py:400} WARNING - FileSensor.execute cannot be called outside TaskInstance!
[2026-02-28T15:31:18.628+0000] {base.py:84} INFO - Using connection ID 'fs_default' for task execution.
[2026-02-28T15:31:18.630+0000] {filesystem.py:85} INFO - Poking for file /opt/***/data/incoming/customers.csv
[2026-02-28T15:31:18.639+0000] {filesystem.py:89} INFO - Found File /opt/***/data/incoming/customers.csv last modified: 20260212173908
[2026-02-28T15:31:18.640+0000] {base.py:294} INFO - Success criteria met. Exiting.
[2026-02-28T15:31:18.641+0000] {filesystem.py:85} INFO - Poking for file /opt/***/data/incoming/customers.csv
[2026-02-28T15:31:18.646+0000] {filesystem.py:89} INFO - Found File /opt/***/data/incoming/customers.csv last modified: 20260212173908
[2026-02-28T15:31:18.647+0000] {taskinstance.py:441} INFO - ::group::Post task execution logs
[2026-02-28T15:31:18.663+0000] {taskinstance.py:1206} INFO - Marking task as SUCCESS. dag_id=etl_pipeline, task_id=wait_for_customers, run_id=manual__2026-02-28T15:31:01.202012+00:00, execution_date=20260228T153101, start_date=20260228T153114, end_date=20260228T153118
[2026-02-28T15:31:19.175+0000] {local_task_job_runner.py:243} INFO - Task exited with return code 0
[2026-02-28T15:31:19.234+0000] {taskinstance.py:3503} INFO - 1 downstream tasks scheduled from follow-on schedule check
[2026-02-28T15:31:20.019+0000] {local_task_job_runner.py:222} INFO - ::endgroup::
