[2026-02-28T14:51:56.479+0000] {local_task_job_runner.py:120} INFO - ::group::Pre task execution logs
[2026-02-28T14:51:57.435+0000] {taskinstance.py:2076} INFO - Dependencies all met for dep_context=non-requeueable deps ti=<TaskInstance: etl_pipeline.process_transactions manual__2026-02-28T14:49:20.422496+00:00 [queued]>
[2026-02-28T14:51:57.516+0000] {taskinstance.py:2076} INFO - Dependencies all met for dep_context=requeueable deps ti=<TaskInstance: etl_pipeline.process_transactions manual__2026-02-28T14:49:20.422496+00:00 [queued]>
[2026-02-28T14:51:57.517+0000] {taskinstance.py:2306} INFO - Starting attempt 1 of 1
[2026-02-28T14:51:57.616+0000] {taskinstance.py:2330} INFO - Executing <Task(PythonOperator): process_transactions> on 2026-02-28 14:49:20.422496+00:00
[2026-02-28T14:51:57.644+0000] {warnings.py:112} WARNING - /home/***/.local/lib/python3.12/site-packages/***/task/task_runner/standard_task_runner.py:62: DeprecationWarning: This process (pid=1136) is multi-threaded, use of fork() may lead to deadlocks in the child.
  pid = os.fork()

[2026-02-28T14:51:57.651+0000] {standard_task_runner.py:64} INFO - Started process 1145 to run task
[2026-02-28T14:51:57.649+0000] {standard_task_runner.py:90} INFO - Running: ['***', 'tasks', 'run', 'etl_pipeline', 'process_transactions', 'manual__2026-02-28T14:49:20.422496+00:00', '--job-id', '32', '--raw', '--subdir', 'DAGS_FOLDER/etl_pipeline_dag.py', '--cfg-path', '/tmp/tmp1gn9u0_o']
[2026-02-28T14:51:57.658+0000] {standard_task_runner.py:91} INFO - Job 32: Subtask process_transactions
[2026-02-28T14:51:59.147+0000] {task_command.py:426} INFO - Running <TaskInstance: etl_pipeline.process_transactions manual__2026-02-28T14:49:20.422496+00:00 [running]> on host ee8b1bd989de
[2026-02-28T14:52:00.921+0000] {taskinstance.py:2648} INFO - Exporting env vars: AIRFLOW_CTX_DAG_OWNER='***' AIRFLOW_CTX_DAG_ID='etl_pipeline' AIRFLOW_CTX_TASK_ID='process_transactions' AIRFLOW_CTX_EXECUTION_DATE='2026-02-28T14:49:20.422496+00:00' AIRFLOW_CTX_TRY_NUMBER='1' AIRFLOW_CTX_DAG_RUN_ID='manual__2026-02-28T14:49:20.422496+00:00'
[2026-02-28T14:52:00.967+0000] {taskinstance.py:430} INFO - ::endgroup::
[2026-02-28T14:52:01.026+0000] {run_pipeline.py:33} INFO - START processing file: transactions.csv
[2026-02-28T14:52:01.034+0000] {validate.py:43} INFO - Starting validation for file: transactions.csv
[2026-02-28T14:52:01.144+0000] {validate.py:12} INFO - Loading validation schema: config/transactions.yaml
[2026-02-28T14:52:01.309+0000] {schema_validator.py:111} INFO - Schema validation completed | Valid rows: 42 | Quarantined rows: 58
[2026-02-28T14:52:01.434+0000] {validate.py:114} INFO - Validation successful for file: transactions.csv
[2026-02-28T14:52:01.523+0000] {load.py:365} INFO - Starting load → transactions.csv → table: transactions
[2026-02-28T14:52:01.533+0000] {load.py:81} INFO - Loading schema for DB load: config/transactions.yaml
[2026-02-28T14:52:01.944+0000] {load.py:155} INFO - Ensuring table exists: transactions
[2026-02-28T14:52:03.010+0000] {load.py:397} INFO - Inserting 42 rows into transactions
[2026-02-28T14:52:03.383+0000] {load.py:411} INFO - Load successful for file: transactions.csv
[2026-02-28T14:52:03.491+0000] {run_pipeline.py:134} INFO - SUCCESS transactions.csv
[2026-02-28T14:52:03.495+0000] {python.py:237} INFO - Done. Returned value was: None
[2026-02-28T14:52:03.498+0000] {taskinstance.py:441} INFO - ::group::Post task execution logs
[2026-02-28T14:52:03.519+0000] {taskinstance.py:1206} INFO - Marking task as SUCCESS. dag_id=etl_pipeline, task_id=process_transactions, run_id=manual__2026-02-28T14:49:20.422496+00:00, execution_date=20260228T144920, start_date=20260228T145157, end_date=20260228T145203
[2026-02-28T14:52:03.692+0000] {local_task_job_runner.py:243} INFO - Task exited with return code 0
[2026-02-28T14:52:03.763+0000] {taskinstance.py:3503} INFO - 0 downstream tasks scheduled from follow-on schedule check
[2026-02-28T14:52:03.835+0000] {local_task_job_runner.py:222} INFO - ::endgroup::
