[2026-02-28T15:32:30.554+0000] {local_task_job_runner.py:120} INFO - ::group::Pre task execution logs
[2026-02-28T15:32:30.597+0000] {taskinstance.py:2076} INFO - Dependencies all met for dep_context=non-requeueable deps ti=<TaskInstance: etl_pipeline.process_transactions manual__2026-02-28T15:31:01.202012+00:00 [queued]>
[2026-02-28T15:32:30.611+0000] {taskinstance.py:2076} INFO - Dependencies all met for dep_context=requeueable deps ti=<TaskInstance: etl_pipeline.process_transactions manual__2026-02-28T15:31:01.202012+00:00 [queued]>
[2026-02-28T15:32:30.613+0000] {taskinstance.py:2306} INFO - Starting attempt 1 of 1
[2026-02-28T15:32:30.723+0000] {taskinstance.py:2330} INFO - Executing <Task(PythonOperator): process_transactions> on 2026-02-28 15:31:01.202012+00:00
[2026-02-28T15:32:30.782+0000] {warnings.py:112} WARNING - /home/***/.local/lib/python3.12/site-packages/***/task/task_runner/standard_task_runner.py:62: DeprecationWarning: This process (pid=1592) is multi-threaded, use of fork() may lead to deadlocks in the child.
  pid = os.fork()

[2026-02-28T15:32:30.788+0000] {standard_task_runner.py:90} INFO - Running: ['***', 'tasks', 'run', 'etl_pipeline', 'process_transactions', 'manual__2026-02-28T15:31:01.202012+00:00', '--job-id', '38', '--raw', '--subdir', 'DAGS_FOLDER/etl_pipeline_dag.py', '--cfg-path', '/tmp/tmpa7mgzkbq']
[2026-02-28T15:32:30.791+0000] {standard_task_runner.py:64} INFO - Started process 1594 to run task
[2026-02-28T15:32:30.791+0000] {standard_task_runner.py:91} INFO - Job 38: Subtask process_transactions
[2026-02-28T15:32:30.974+0000] {task_command.py:426} INFO - Running <TaskInstance: etl_pipeline.process_transactions manual__2026-02-28T15:31:01.202012+00:00 [running]> on host ee8b1bd989de
[2026-02-28T15:32:31.310+0000] {taskinstance.py:2648} INFO - Exporting env vars: AIRFLOW_CTX_DAG_OWNER='***' AIRFLOW_CTX_DAG_ID='etl_pipeline' AIRFLOW_CTX_TASK_ID='process_transactions' AIRFLOW_CTX_EXECUTION_DATE='2026-02-28T15:31:01.202012+00:00' AIRFLOW_CTX_TRY_NUMBER='1' AIRFLOW_CTX_DAG_RUN_ID='manual__2026-02-28T15:31:01.202012+00:00'
[2026-02-28T15:32:31.313+0000] {taskinstance.py:430} INFO - ::endgroup::
[2026-02-28T15:32:31.325+0000] {run_pipeline.py:33} INFO - START processing file: transactions.csv
[2026-02-28T15:32:31.331+0000] {validate.py:54} INFO - Starting validation for file: transactions.csv
[2026-02-28T15:32:31.354+0000] {validate.py:12} INFO - Loading validation schema: config/transactions.yaml
[2026-02-28T15:32:31.433+0000] {schema_validator.py:111} INFO - Schema validation completed | Valid rows: 42 | Quarantined rows: 58
[2026-02-28T15:32:31.482+0000] {business_validator.py:68} INFO - Business validation completed | Valid rows: 42 | Quarantined rows: 0
[2026-02-28T15:32:31.572+0000] {validate.py:121} WARNING - transactions.csv validated with 58 invalid rows (quarantined)
[2026-02-28T15:32:31.573+0000] {validate.py:125} INFO - Validation successful for file: transactions.csv
[2026-02-28T15:32:31.667+0000] {run_pipeline.py:78} WARNING - transactions.csv | Quarantined rows written: 58
[2026-02-28T15:32:31.703+0000] {load.py:365} INFO - Starting load → transactions.csv → table: transactions
[2026-02-28T15:32:31.704+0000] {load.py:81} INFO - Loading schema for DB load: config/transactions.yaml
[2026-02-28T15:32:31.766+0000] {load.py:155} INFO - Ensuring table exists: transactions
[2026-02-28T15:32:32.294+0000] {load.py:397} INFO - Inserting 42 rows into transactions
[2026-02-28T15:32:32.492+0000] {load.py:411} INFO - Load successful for file: transactions.csv
[2026-02-28T15:32:32.610+0000] {run_pipeline.py:134} INFO - SUCCESS transactions.csv
[2026-02-28T15:32:32.611+0000] {python.py:237} INFO - Done. Returned value was: None
[2026-02-28T15:32:32.614+0000] {taskinstance.py:441} INFO - ::group::Post task execution logs
[2026-02-28T15:32:32.634+0000] {taskinstance.py:1206} INFO - Marking task as SUCCESS. dag_id=etl_pipeline, task_id=process_transactions, run_id=manual__2026-02-28T15:31:01.202012+00:00, execution_date=20260228T153101, start_date=20260228T153230, end_date=20260228T153232
[2026-02-28T15:32:32.733+0000] {local_task_job_runner.py:243} INFO - Task exited with return code 0
[2026-02-28T15:32:32.767+0000] {taskinstance.py:3503} INFO - 0 downstream tasks scheduled from follow-on schedule check
[2026-02-28T15:32:32.812+0000] {local_task_job_runner.py:222} INFO - ::endgroup::
