[2026-02-28T14:07:11.695+0000] {local_task_job_runner.py:120} INFO - ::group::Pre task execution logs
[2026-02-28T14:07:11.917+0000] {taskinstance.py:2076} INFO - Dependencies all met for dep_context=non-requeueable deps ti=<TaskInstance: etl_pipeline.wait_for_customers manual__2026-02-28T14:06:54.897090+00:00 [queued]>
[2026-02-28T14:07:12.004+0000] {taskinstance.py:2076} INFO - Dependencies all met for dep_context=requeueable deps ti=<TaskInstance: etl_pipeline.wait_for_customers manual__2026-02-28T14:06:54.897090+00:00 [queued]>
[2026-02-28T14:07:12.008+0000] {taskinstance.py:2306} INFO - Starting attempt 1 of 1
[2026-02-28T14:07:12.229+0000] {taskinstance.py:2330} INFO - Executing <Task(FileSensor): wait_for_customers> on 2026-02-28 14:06:54.897090+00:00
[2026-02-28T14:07:12.262+0000] {warnings.py:112} WARNING - /home/***/.local/lib/python3.12/site-packages/***/task/task_runner/standard_task_runner.py:62: DeprecationWarning: This process (pid=684) is multi-threaded, use of fork() may lead to deadlocks in the child.
  pid = os.fork()

[2026-02-28T14:07:12.279+0000] {standard_task_runner.py:64} INFO - Started process 696 to run task
[2026-02-28T14:07:12.279+0000] {standard_task_runner.py:90} INFO - Running: ['***', 'tasks', 'run', 'etl_pipeline', 'wait_for_customers', 'manual__2026-02-28T14:06:54.897090+00:00', '--job-id', '17', '--raw', '--subdir', 'DAGS_FOLDER/etl_pipeline_dag.py', '--cfg-path', '/tmp/tmpudxog5un']
[2026-02-28T14:07:12.281+0000] {standard_task_runner.py:91} INFO - Job 17: Subtask wait_for_customers
[2026-02-28T14:07:12.938+0000] {task_command.py:426} INFO - Running <TaskInstance: etl_pipeline.wait_for_customers manual__2026-02-28T14:06:54.897090+00:00 [running]> on host ee8b1bd989de
[2026-02-28T14:07:21.463+0000] {taskinstance.py:2648} INFO - Exporting env vars: AIRFLOW_CTX_DAG_OWNER='***' AIRFLOW_CTX_DAG_ID='etl_pipeline' AIRFLOW_CTX_TASK_ID='wait_for_customers' AIRFLOW_CTX_EXECUTION_DATE='2026-02-28T14:06:54.897090+00:00' AIRFLOW_CTX_TRY_NUMBER='1' AIRFLOW_CTX_DAG_RUN_ID='manual__2026-02-28T14:06:54.897090+00:00'
[2026-02-28T14:07:21.658+0000] {taskinstance.py:430} INFO - ::endgroup::
[2026-02-28T14:07:21.671+0000] {baseoperator.py:400} WARNING - FileSensor.execute cannot be called outside TaskInstance!
[2026-02-28T14:07:21.992+0000] {base.py:84} INFO - Using connection ID 'fs_default' for task execution.
[2026-02-28T14:07:21.994+0000] {filesystem.py:85} INFO - Poking for file /opt/***/data/incoming/customers.csv
[2026-02-28T14:07:26.996+0000] {filesystem.py:85} INFO - Poking for file /opt/***/data/incoming/customers.csv
[2026-02-28T14:07:32.283+0000] {filesystem.py:85} INFO - Poking for file /opt/***/data/incoming/customers.csv
[2026-02-28T14:07:38.939+0000] {filesystem.py:85} INFO - Poking for file /opt/***/data/incoming/customers.csv
[2026-02-28T14:07:45.416+0000] {filesystem.py:85} INFO - Poking for file /opt/***/data/incoming/customers.csv
[2026-02-28T14:07:50.543+0000] {filesystem.py:85} INFO - Poking for file /opt/***/data/incoming/customers.csv
[2026-02-28T14:08:00.857+0000] {filesystem.py:85} INFO - Poking for file /opt/***/data/incoming/customers.csv
[2026-02-28T14:08:05.902+0000] {filesystem.py:85} INFO - Poking for file /opt/***/data/incoming/customers.csv
[2026-02-28T14:08:12.703+0000] {filesystem.py:85} INFO - Poking for file /opt/***/data/incoming/customers.csv
[2026-02-28T14:08:17.706+0000] {filesystem.py:85} INFO - Poking for file /opt/***/data/incoming/customers.csv
[2026-02-28T14:08:23.361+0000] {filesystem.py:85} INFO - Poking for file /opt/***/data/incoming/customers.csv
[2026-02-28T14:08:28.433+0000] {filesystem.py:85} INFO - Poking for file /opt/***/data/incoming/customers.csv
[2026-02-28T14:08:33.438+0000] {filesystem.py:85} INFO - Poking for file /opt/***/data/incoming/customers.csv
[2026-02-28T14:08:38.444+0000] {filesystem.py:85} INFO - Poking for file /opt/***/data/incoming/customers.csv
[2026-02-28T14:08:45.208+0000] {filesystem.py:85} INFO - Poking for file /opt/***/data/incoming/customers.csv
[2026-02-28T14:08:50.214+0000] {filesystem.py:85} INFO - Poking for file /opt/***/data/incoming/customers.csv
[2026-02-28T14:08:55.222+0000] {filesystem.py:85} INFO - Poking for file /opt/***/data/incoming/customers.csv
[2026-02-28T14:09:00.225+0000] {filesystem.py:85} INFO - Poking for file /opt/***/data/incoming/customers.csv
[2026-02-28T14:09:05.227+0000] {filesystem.py:85} INFO - Poking for file /opt/***/data/incoming/customers.csv
[2026-02-28T14:09:10.229+0000] {filesystem.py:85} INFO - Poking for file /opt/***/data/incoming/customers.csv
[2026-02-28T14:09:16.980+0000] {filesystem.py:85} INFO - Poking for file /opt/***/data/incoming/customers.csv
[2026-02-28T14:09:21.985+0000] {filesystem.py:85} INFO - Poking for file /opt/***/data/incoming/customers.csv
[2026-02-28T14:09:26.988+0000] {filesystem.py:85} INFO - Poking for file /opt/***/data/incoming/customers.csv
[2026-02-28T14:09:31.994+0000] {filesystem.py:85} INFO - Poking for file /opt/***/data/incoming/customers.csv
[2026-02-28T14:09:36.996+0000] {filesystem.py:85} INFO - Poking for file /opt/***/data/incoming/customers.csv
[2026-02-28T14:09:41.998+0000] {filesystem.py:85} INFO - Poking for file /opt/***/data/incoming/customers.csv
[2026-02-28T14:09:48.677+0000] {filesystem.py:85} INFO - Poking for file /opt/***/data/incoming/customers.csv
[2026-02-28T14:09:53.711+0000] {filesystem.py:85} INFO - Poking for file /opt/***/data/incoming/customers.csv
[2026-02-28T14:09:58.762+0000] {filesystem.py:85} INFO - Poking for file /opt/***/data/incoming/customers.csv
[2026-02-28T14:10:03.768+0000] {filesystem.py:85} INFO - Poking for file /opt/***/data/incoming/customers.csv
[2026-02-28T14:10:09.113+0000] {filesystem.py:85} INFO - Poking for file /opt/***/data/incoming/customers.csv
[2026-02-28T14:10:14.138+0000] {filesystem.py:85} INFO - Poking for file /opt/***/data/incoming/customers.csv
[2026-02-28T14:10:20.915+0000] {filesystem.py:85} INFO - Poking for file /opt/***/data/incoming/customers.csv
[2026-02-28T14:10:27.120+0000] {filesystem.py:85} INFO - Poking for file /opt/***/data/incoming/customers.csv
[2026-02-28T14:10:32.473+0000] {filesystem.py:85} INFO - Poking for file /opt/***/data/incoming/customers.csv
[2026-02-28T14:10:37.484+0000] {filesystem.py:85} INFO - Poking for file /opt/***/data/incoming/customers.csv
[2026-02-28T14:10:42.486+0000] {filesystem.py:85} INFO - Poking for file /opt/***/data/incoming/customers.csv
[2026-02-28T14:10:49.720+0000] {filesystem.py:85} INFO - Poking for file /opt/***/data/incoming/customers.csv
[2026-02-28T14:10:54.932+0000] {filesystem.py:85} INFO - Poking for file /opt/***/data/incoming/customers.csv
[2026-02-28T14:11:00.039+0000] {filesystem.py:85} INFO - Poking for file /opt/***/data/incoming/customers.csv
[2026-02-28T14:11:05.042+0000] {filesystem.py:85} INFO - Poking for file /opt/***/data/incoming/customers.csv
[2026-02-28T14:11:10.075+0000] {filesystem.py:85} INFO - Poking for file /opt/***/data/incoming/customers.csv
[2026-02-28T14:11:15.077+0000] {filesystem.py:85} INFO - Poking for file /opt/***/data/incoming/customers.csv
[2026-02-28T14:11:21.852+0000] {filesystem.py:85} INFO - Poking for file /opt/***/data/incoming/customers.csv
[2026-02-28T14:11:26.854+0000] {filesystem.py:85} INFO - Poking for file /opt/***/data/incoming/customers.csv
[2026-02-28T14:11:31.855+0000] {filesystem.py:85} INFO - Poking for file /opt/***/data/incoming/customers.csv
[2026-02-28T14:11:36.857+0000] {filesystem.py:85} INFO - Poking for file /opt/***/data/incoming/customers.csv
[2026-02-28T14:11:41.869+0000] {filesystem.py:85} INFO - Poking for file /opt/***/data/incoming/customers.csv
[2026-02-28T14:11:46.875+0000] {filesystem.py:85} INFO - Poking for file /opt/***/data/incoming/customers.csv
[2026-02-28T14:11:53.534+0000] {filesystem.py:85} INFO - Poking for file /opt/***/data/incoming/customers.csv
[2026-02-28T14:11:58.538+0000] {filesystem.py:85} INFO - Poking for file /opt/***/data/incoming/customers.csv
[2026-02-28T14:12:03.540+0000] {filesystem.py:85} INFO - Poking for file /opt/***/data/incoming/customers.csv
[2026-02-28T14:12:09.530+0000] {filesystem.py:85} INFO - Poking for file /opt/***/data/incoming/customers.csv
[2026-02-28T14:12:20.299+0000] {filesystem.py:85} INFO - Poking for file /opt/***/data/incoming/customers.csv
[2026-02-28T14:12:27.119+0000] {filesystem.py:85} INFO - Poking for file /opt/***/data/incoming/customers.csv
[2026-02-28T14:12:32.123+0000] {filesystem.py:85} INFO - Poking for file /opt/***/data/incoming/customers.csv
[2026-02-28T14:12:37.135+0000] {filesystem.py:85} INFO - Poking for file /opt/***/data/incoming/customers.csv
[2026-02-28T14:12:43.959+0000] {filesystem.py:85} INFO - Poking for file /opt/***/data/incoming/customers.csv
[2026-02-28T14:12:43.975+0000] {taskinstance.py:441} INFO - ::group::Post task execution logs
[2026-02-28T14:12:43.977+0000] {taskinstance.py:2905} ERROR - Task failed with exception
Traceback (most recent call last):
  File "/home/airflow/.local/lib/python3.12/site-packages/airflow/models/taskinstance.py", line 465, in _execute_task
    result = _execute_callable(context=context, **execute_callable_kwargs)
             ^^^^^^^^^^^^^^^^^^^^^^^^^^^^^^^^^^^^^^^^^^^^^^^^^^^^^^^^^^^^^
  File "/home/airflow/.local/lib/python3.12/site-packages/airflow/models/taskinstance.py", line 432, in _execute_callable
    return execute_callable(context=context, **execute_callable_kwargs)
           ^^^^^^^^^^^^^^^^^^^^^^^^^^^^^^^^^^^^^^^^^^^^^^^^^^^^^^^^^^^^
  File "/home/airflow/.local/lib/python3.12/site-packages/airflow/models/baseoperator.py", line 401, in wrapper
    return func(self, *args, **kwargs)
           ^^^^^^^^^^^^^^^^^^^^^^^^^^^
  File "/home/airflow/.local/lib/python3.12/site-packages/airflow/sensors/filesystem.py", line 99, in execute
    super().execute(context=context)
  File "/home/airflow/.local/lib/python3.12/site-packages/airflow/models/baseoperator.py", line 401, in wrapper
    return func(self, *args, **kwargs)
           ^^^^^^^^^^^^^^^^^^^^^^^^^^^
  File "/home/airflow/.local/lib/python3.12/site-packages/airflow/sensors/base.py", line 281, in execute
    raise AirflowSensorTimeout(message)
airflow.exceptions.AirflowSensorTimeout: Sensor has timed out; run duration of 304.94577843799925 seconds exceeds the specified timeout of 300.0.
[2026-02-28T14:12:55.990+0000] {taskinstance.py:1206} INFO - Immediate failure requested. Marking task as FAILED. dag_id=etl_pipeline, task_id=wait_for_customers, run_id=manual__2026-02-28T14:06:54.897090+00:00, execution_date=20260228T140654, start_date=20260228T140711, end_date=20260228T141255
[2026-02-28T14:13:01.403+0000] {standard_task_runner.py:110} ERROR - Failed to execute job 17 for task wait_for_customers (Sensor has timed out; run duration of 304.94577843799925 seconds exceeds the specified timeout of 300.0.; 696)
[2026-02-28T14:13:01.666+0000] {local_task_job_runner.py:243} INFO - Task exited with return code 1
[2026-02-28T14:13:05.416+0000] {taskinstance.py:3503} INFO - 0 downstream tasks scheduled from follow-on schedule check
[2026-02-28T14:13:06.446+0000] {local_task_job_runner.py:222} INFO - ::endgroup::
