[2026-02-28T14:35:41.468+0000] {local_task_job_runner.py:120} INFO - ::group::Pre task execution logs
[2026-02-28T14:35:41.789+0000] {taskinstance.py:2076} INFO - Dependencies all met for dep_context=non-requeueable deps ti=<TaskInstance: etl_pipeline.wait_for_transactions manual__2026-02-28T14:33:29.740290+00:00 [queued]>
[2026-02-28T14:35:41.819+0000] {taskinstance.py:2076} INFO - Dependencies all met for dep_context=requeueable deps ti=<TaskInstance: etl_pipeline.wait_for_transactions manual__2026-02-28T14:33:29.740290+00:00 [queued]>
[2026-02-28T14:35:41.845+0000] {taskinstance.py:2306} INFO - Starting attempt 1 of 1
[2026-02-28T14:35:42.154+0000] {taskinstance.py:2330} INFO - Executing <Task(FileSensor): wait_for_transactions> on 2026-02-28 14:33:29.740290+00:00
[2026-02-28T14:35:42.292+0000] {warnings.py:112} WARNING - /home/***/.local/lib/python3.12/site-packages/***/task/task_runner/standard_task_runner.py:62: DeprecationWarning: This process (pid=939) is multi-threaded, use of fork() may lead to deadlocks in the child.
  pid = os.fork()

[2026-02-28T14:35:42.307+0000] {standard_task_runner.py:64} INFO - Started process 957 to run task
[2026-02-28T14:35:42.331+0000] {standard_task_runner.py:90} INFO - Running: ['***', 'tasks', 'run', 'etl_pipeline', 'wait_for_transactions', 'manual__2026-02-28T14:33:29.740290+00:00', '--job-id', '23', '--raw', '--subdir', 'DAGS_FOLDER/etl_pipeline_dag.py', '--cfg-path', '/tmp/tmprdxzx79e']
[2026-02-28T14:35:42.335+0000] {standard_task_runner.py:91} INFO - Job 23: Subtask wait_for_transactions
[2026-02-28T14:35:47.176+0000] {task_command.py:426} INFO - Running <TaskInstance: etl_pipeline.wait_for_transactions manual__2026-02-28T14:33:29.740290+00:00 [running]> on host ee8b1bd989de
[2026-02-28T14:35:48.024+0000] {taskinstance.py:2648} INFO - Exporting env vars: AIRFLOW_CTX_DAG_OWNER='***' AIRFLOW_CTX_DAG_ID='etl_pipeline' AIRFLOW_CTX_TASK_ID='wait_for_transactions' AIRFLOW_CTX_EXECUTION_DATE='2026-02-28T14:33:29.740290+00:00' AIRFLOW_CTX_TRY_NUMBER='1' AIRFLOW_CTX_DAG_RUN_ID='manual__2026-02-28T14:33:29.740290+00:00'
[2026-02-28T14:35:48.026+0000] {taskinstance.py:430} INFO - ::endgroup::
[2026-02-28T14:35:48.028+0000] {baseoperator.py:400} WARNING - FileSensor.execute cannot be called outside TaskInstance!
[2026-02-28T14:35:48.104+0000] {base.py:84} INFO - Using connection ID 'fs_default' for task execution.
[2026-02-28T14:35:48.115+0000] {filesystem.py:85} INFO - Poking for file /opt/***/data/incoming/transactions.csv
[2026-02-28T14:35:48.136+0000] {filesystem.py:89} INFO - Found File /opt/***/data/incoming/transactions.csv last modified: 20260207153434
[2026-02-28T14:35:48.137+0000] {base.py:294} INFO - Success criteria met. Exiting.
[2026-02-28T14:35:48.137+0000] {filesystem.py:85} INFO - Poking for file /opt/***/data/incoming/transactions.csv
[2026-02-28T14:35:48.141+0000] {filesystem.py:89} INFO - Found File /opt/***/data/incoming/transactions.csv last modified: 20260207153434
[2026-02-28T14:35:48.141+0000] {taskinstance.py:441} INFO - ::group::Post task execution logs
[2026-02-28T14:35:48.238+0000] {taskinstance.py:1206} INFO - Marking task as SUCCESS. dag_id=etl_pipeline, task_id=wait_for_transactions, run_id=manual__2026-02-28T14:33:29.740290+00:00, execution_date=20260228T143329, start_date=20260228T143541, end_date=20260228T143548
[2026-02-28T14:35:48.647+0000] {local_task_job_runner.py:243} INFO - Task exited with return code 0
[2026-02-28T14:35:48.677+0000] {local_task_job_runner.py:222} INFO - ::endgroup::
