[2026-02-28T14:36:01.418+0000] {local_task_job_runner.py:120} INFO - ::group::Pre task execution logs
[2026-02-28T14:36:01.498+0000] {taskinstance.py:2076} INFO - Dependencies all met for dep_context=non-requeueable deps ti=<TaskInstance: etl_pipeline.process_products manual__2026-02-28T14:33:29.740290+00:00 [queued]>
[2026-02-28T14:36:01.518+0000] {taskinstance.py:2076} INFO - Dependencies all met for dep_context=requeueable deps ti=<TaskInstance: etl_pipeline.process_products manual__2026-02-28T14:33:29.740290+00:00 [queued]>
[2026-02-28T14:36:01.524+0000] {taskinstance.py:2306} INFO - Starting attempt 1 of 1
[2026-02-28T14:36:01.748+0000] {taskinstance.py:2330} INFO - Executing <Task(PythonOperator): process_products> on 2026-02-28 14:33:29.740290+00:00
[2026-02-28T14:36:01.816+0000] {warnings.py:112} WARNING - /home/***/.local/lib/python3.12/site-packages/***/task/task_runner/standard_task_runner.py:62: DeprecationWarning: This process (pid=961) is multi-threaded, use of fork() may lead to deadlocks in the child.
  pid = os.fork()

[2026-02-28T14:36:01.821+0000] {standard_task_runner.py:90} INFO - Running: ['***', 'tasks', 'run', 'etl_pipeline', 'process_products', 'manual__2026-02-28T14:33:29.740290+00:00', '--job-id', '26', '--raw', '--subdir', 'DAGS_FOLDER/etl_pipeline_dag.py', '--cfg-path', '/tmp/tmpzq7e14f_']
[2026-02-28T14:36:01.824+0000] {standard_task_runner.py:91} INFO - Job 26: Subtask process_products
[2026-02-28T14:36:01.823+0000] {standard_task_runner.py:64} INFO - Started process 964 to run task
[2026-02-28T14:36:02.391+0000] {task_command.py:426} INFO - Running <TaskInstance: etl_pipeline.process_products manual__2026-02-28T14:33:29.740290+00:00 [running]> on host ee8b1bd989de
[2026-02-28T14:36:03.160+0000] {taskinstance.py:2648} INFO - Exporting env vars: AIRFLOW_CTX_DAG_OWNER='***' AIRFLOW_CTX_DAG_ID='etl_pipeline' AIRFLOW_CTX_TASK_ID='process_products' AIRFLOW_CTX_EXECUTION_DATE='2026-02-28T14:33:29.740290+00:00' AIRFLOW_CTX_TRY_NUMBER='1' AIRFLOW_CTX_DAG_RUN_ID='manual__2026-02-28T14:33:29.740290+00:00'
[2026-02-28T14:36:03.163+0000] {taskinstance.py:430} INFO - ::endgroup::
[2026-02-28T14:36:03.170+0000] {run_pipeline.py:33} INFO - START processing file: products.csv
[2026-02-28T14:36:03.173+0000] {validate.py:43} INFO - Starting validation for file: products.csv
[2026-02-28T14:36:05.915+0000] {validate.py:12} INFO - Loading validation schema: config/products.yaml
[2026-02-28T14:36:11.154+0000] {schema_validator.py:111} INFO - Schema validation completed | Valid rows: 1080 | Quarantined rows: 0
[2026-02-28T14:36:13.076+0000] {validate.py:114} INFO - Validation successful for file: products.csv
[2026-02-28T14:36:13.077+0000] {load.py:365} INFO - Starting load → products.csv → table: products
[2026-02-28T14:36:13.077+0000] {load.py:81} INFO - Loading schema for DB load: config/products.yaml
[2026-02-28T14:36:36.328+0000] {load.py:155} INFO - Ensuring table exists: products
[2026-02-28T14:36:38.226+0000] {load.py:238} INFO - SCD2 upsert started for table: products
[2026-02-28T14:37:03.928+0000] {load.py:306} INFO - SCD2 SUMMARY : products | INSERT: 1080 | UPDATE: 0 | SKIP: 0
[2026-02-28T14:37:04.176+0000] {load.py:411} INFO - Load successful for file: products.csv
[2026-02-28T14:37:04.316+0000] {run_pipeline.py:134} INFO - SUCCESS products.csv
[2026-02-28T14:37:04.317+0000] {python.py:237} INFO - Done. Returned value was: None
[2026-02-28T14:37:04.320+0000] {taskinstance.py:441} INFO - ::group::Post task execution logs
[2026-02-28T14:37:04.354+0000] {taskinstance.py:1206} INFO - Marking task as SUCCESS. dag_id=etl_pipeline, task_id=process_products, run_id=manual__2026-02-28T14:33:29.740290+00:00, execution_date=20260228T143329, start_date=20260228T143601, end_date=20260228T143704
[2026-02-28T14:37:04.649+0000] {local_task_job_runner.py:243} INFO - Task exited with return code 0
[2026-02-28T14:37:04.726+0000] {taskinstance.py:3503} INFO - 0 downstream tasks scheduled from follow-on schedule check
[2026-02-28T14:37:05.191+0000] {local_task_job_runner.py:222} INFO - ::endgroup::
