[2026-02-26T17:38:14.151+0000] {local_task_job_runner.py:120} INFO - ::group::Pre task execution logs
[2026-02-26T17:38:14.198+0000] {taskinstance.py:2076} INFO - Dependencies all met for dep_context=non-requeueable deps ti=<TaskInstance: detect_file.wait_for_customers_csv manual__2026-02-26T17:37:53.513896+00:00 [queued]>
[2026-02-26T17:38:14.222+0000] {taskinstance.py:2076} INFO - Dependencies all met for dep_context=requeueable deps ti=<TaskInstance: detect_file.wait_for_customers_csv manual__2026-02-26T17:37:53.513896+00:00 [queued]>
[2026-02-26T17:38:14.223+0000] {taskinstance.py:2306} INFO - Starting attempt 1 of 1
[2026-02-26T17:38:14.293+0000] {taskinstance.py:2330} INFO - Executing <Task(FileSensor): wait_for_customers_csv> on 2026-02-26 17:37:53.513896+00:00
[2026-02-26T17:38:14.320+0000] {warnings.py:112} WARNING - /home/***/.local/lib/python3.12/site-packages/***/task/task_runner/standard_task_runner.py:62: DeprecationWarning: This process (pid=1231) is multi-threaded, use of fork() may lead to deadlocks in the child.
  pid = os.fork()

[2026-02-26T17:38:14.323+0000] {standard_task_runner.py:64} INFO - Started process 1240 to run task
[2026-02-26T17:38:14.316+0000] {standard_task_runner.py:90} INFO - Running: ['***', 'tasks', 'run', 'detect_file', 'wait_for_customers_csv', 'manual__2026-02-26T17:37:53.513896+00:00', '--job-id', '14', '--raw', '--subdir', 'DAGS_FOLDER/file_sensor_test.py', '--cfg-path', '/tmp/tmptrprd5si']
[2026-02-26T17:38:14.327+0000] {standard_task_runner.py:91} INFO - Job 14: Subtask wait_for_customers_csv
[2026-02-26T17:38:14.536+0000] {task_command.py:426} INFO - Running <TaskInstance: detect_file.wait_for_customers_csv manual__2026-02-26T17:37:53.513896+00:00 [running]> on host b9b6c8ae1f85
[2026-02-26T17:38:14.912+0000] {taskinstance.py:2648} INFO - Exporting env vars: AIRFLOW_CTX_DAG_OWNER='***' AIRFLOW_CTX_DAG_ID='detect_file' AIRFLOW_CTX_TASK_ID='wait_for_customers_csv' AIRFLOW_CTX_EXECUTION_DATE='2026-02-26T17:37:53.513896+00:00' AIRFLOW_CTX_TRY_NUMBER='1' AIRFLOW_CTX_DAG_RUN_ID='manual__2026-02-26T17:37:53.513896+00:00'
[2026-02-26T17:38:14.924+0000] {taskinstance.py:430} INFO - ::endgroup::
[2026-02-26T17:38:14.928+0000] {baseoperator.py:400} WARNING - FileSensor.execute cannot be called outside TaskInstance!
[2026-02-26T17:38:14.972+0000] {taskinstance.py:441} INFO - ::group::Post task execution logs
[2026-02-26T17:38:15.007+0000] {taskinstance.py:2905} ERROR - Task failed with exception
Traceback (most recent call last):
  File "/home/airflow/.local/lib/python3.12/site-packages/airflow/models/taskinstance.py", line 465, in _execute_task
    result = _execute_callable(context=context, **execute_callable_kwargs)
             ^^^^^^^^^^^^^^^^^^^^^^^^^^^^^^^^^^^^^^^^^^^^^^^^^^^^^^^^^^^^^
  File "/home/airflow/.local/lib/python3.12/site-packages/airflow/models/taskinstance.py", line 432, in _execute_callable
    return execute_callable(context=context, **execute_callable_kwargs)
           ^^^^^^^^^^^^^^^^^^^^^^^^^^^^^^^^^^^^^^^^^^^^^^^^^^^^^^^^^^^^
  File "/home/airflow/.local/lib/python3.12/site-packages/airflow/models/baseoperator.py", line 401, in wrapper
    return func(self, *args, **kwargs)
           ^^^^^^^^^^^^^^^^^^^^^^^^^^^
  File "/home/airflow/.local/lib/python3.12/site-packages/airflow/sensors/filesystem.py", line 99, in execute
    super().execute(context=context)
  File "/home/airflow/.local/lib/python3.12/site-packages/airflow/models/baseoperator.py", line 401, in wrapper
    return func(self, *args, **kwargs)
           ^^^^^^^^^^^^^^^^^^^^^^^^^^^
  File "/home/airflow/.local/lib/python3.12/site-packages/airflow/sensors/base.py", line 264, in execute
    raise e
  File "/home/airflow/.local/lib/python3.12/site-packages/airflow/sensors/base.py", line 246, in execute
    poke_return = self.poke(context)
                  ^^^^^^^^^^^^^^^^^^
  File "/home/airflow/.local/lib/python3.12/site-packages/airflow/sensors/filesystem.py", line 85, in poke
    self.log.info("Poking for file %s", self.path)
                                        ^^^^^^^^^
  File "/usr/local/lib/python3.12/functools.py", line 995, in __get__
    val = self.func(instance)
          ^^^^^^^^^^^^^^^^^^^
  File "/home/airflow/.local/lib/python3.12/site-packages/airflow/sensors/filesystem.py", line 79, in path
    hook = FSHook(self.fs_conn_id)
           ^^^^^^^^^^^^^^^^^^^^^^^
  File "/home/airflow/.local/lib/python3.12/site-packages/airflow/hooks/filesystem.py", line 64, in __init__
    conn = self.get_connection(fs_conn_id)
           ^^^^^^^^^^^^^^^^^^^^^^^^^^^^^^^
  File "/home/airflow/.local/lib/python3.12/site-packages/airflow/hooks/base.py", line 83, in get_connection
    conn = Connection.get_connection_from_secrets(conn_id)
           ^^^^^^^^^^^^^^^^^^^^^^^^^^^^^^^^^^^^^^^^^^^^^^^
  File "/home/airflow/.local/lib/python3.12/site-packages/airflow/models/connection.py", line 519, in get_connection_from_secrets
    raise AirflowNotFoundException(f"The conn_id `{conn_id}` isn't defined")
airflow.exceptions.AirflowNotFoundException: The conn_id `fs_default` isn't defined
[2026-02-26T17:38:15.093+0000] {taskinstance.py:1206} INFO - Marking task as FAILED. dag_id=detect_file, task_id=wait_for_customers_csv, run_id=manual__2026-02-26T17:37:53.513896+00:00, execution_date=20260226T173753, start_date=20260226T173814, end_date=20260226T173815
[2026-02-26T17:38:15.462+0000] {standard_task_runner.py:110} ERROR - Failed to execute job 14 for task wait_for_customers_csv (The conn_id `fs_default` isn't defined; 1240)
[2026-02-26T17:38:15.539+0000] {local_task_job_runner.py:243} INFO - Task exited with return code 1
[2026-02-26T17:38:15.613+0000] {taskinstance.py:3503} INFO - 0 downstream tasks scheduled from follow-on schedule check
[2026-02-26T17:38:15.724+0000] {local_task_job_runner.py:222} INFO - ::endgroup::
