[2026-02-28T14:50:09.846+0000] {local_task_job_runner.py:120} INFO - ::group::Pre task execution logs
[2026-02-28T14:50:14.405+0000] {taskinstance.py:2076} INFO - Dependencies all met for dep_context=non-requeueable deps ti=<TaskInstance: etl_pipeline.wait_for_customers manual__2026-02-28T14:49:20.422496+00:00 [queued]>
[2026-02-28T14:50:14.865+0000] {taskinstance.py:2076} INFO - Dependencies all met for dep_context=requeueable deps ti=<TaskInstance: etl_pipeline.wait_for_customers manual__2026-02-28T14:49:20.422496+00:00 [queued]>
[2026-02-28T14:50:14.867+0000] {taskinstance.py:2306} INFO - Starting attempt 1 of 1
[2026-02-28T14:50:23.951+0000] {taskinstance.py:2330} INFO - Executing <Task(FileSensor): wait_for_customers> on 2026-02-28 14:49:20.422496+00:00
[2026-02-28T14:50:23.989+0000] {warnings.py:112} WARNING - /home/***/.local/lib/python3.12/site-packages/***/task/task_runner/standard_task_runner.py:62: DeprecationWarning: This process (pid=1108) is multi-threaded, use of fork() may lead to deadlocks in the child.
  pid = os.fork()

[2026-02-28T14:50:23.994+0000] {standard_task_runner.py:64} INFO - Started process 1110 to run task
[2026-02-28T14:50:23.994+0000] {standard_task_runner.py:90} INFO - Running: ['***', 'tasks', 'run', 'etl_pipeline', 'wait_for_customers', 'manual__2026-02-28T14:49:20.422496+00:00', '--job-id', '27', '--raw', '--subdir', 'DAGS_FOLDER/etl_pipeline_dag.py', '--cfg-path', '/tmp/tmpwmatlw_e']
[2026-02-28T14:50:23.998+0000] {standard_task_runner.py:91} INFO - Job 27: Subtask wait_for_customers
[2026-02-28T14:50:25.185+0000] {task_command.py:426} INFO - Running <TaskInstance: etl_pipeline.wait_for_customers manual__2026-02-28T14:49:20.422496+00:00 [running]> on host ee8b1bd989de
[2026-02-28T14:50:25.609+0000] {taskinstance.py:2648} INFO - Exporting env vars: AIRFLOW_CTX_DAG_OWNER='***' AIRFLOW_CTX_DAG_ID='etl_pipeline' AIRFLOW_CTX_TASK_ID='wait_for_customers' AIRFLOW_CTX_EXECUTION_DATE='2026-02-28T14:49:20.422496+00:00' AIRFLOW_CTX_TRY_NUMBER='1' AIRFLOW_CTX_DAG_RUN_ID='manual__2026-02-28T14:49:20.422496+00:00'
[2026-02-28T14:50:25.613+0000] {taskinstance.py:430} INFO - ::endgroup::
[2026-02-28T14:50:25.618+0000] {baseoperator.py:400} WARNING - FileSensor.execute cannot be called outside TaskInstance!
[2026-02-28T14:50:25.644+0000] {base.py:84} INFO - Using connection ID 'fs_default' for task execution.
[2026-02-28T14:50:25.646+0000] {filesystem.py:85} INFO - Poking for file /opt/***/data/incoming/customers.csv
[2026-02-28T14:50:25.670+0000] {filesystem.py:89} INFO - Found File /opt/***/data/incoming/customers.csv last modified: 20260212173908
[2026-02-28T14:50:25.671+0000] {base.py:294} INFO - Success criteria met. Exiting.
[2026-02-28T14:50:25.672+0000] {filesystem.py:85} INFO - Poking for file /opt/***/data/incoming/customers.csv
[2026-02-28T14:50:25.677+0000] {filesystem.py:89} INFO - Found File /opt/***/data/incoming/customers.csv last modified: 20260212173908
[2026-02-28T14:50:25.678+0000] {taskinstance.py:441} INFO - ::group::Post task execution logs
[2026-02-28T14:50:25.697+0000] {taskinstance.py:1206} INFO - Marking task as SUCCESS. dag_id=etl_pipeline, task_id=wait_for_customers, run_id=manual__2026-02-28T14:49:20.422496+00:00, execution_date=20260228T144920, start_date=20260228T145014, end_date=20260228T145025
[2026-02-28T14:50:25.810+0000] {local_task_job_runner.py:243} INFO - Task exited with return code 0
[2026-02-28T14:50:25.876+0000] {taskinstance.py:3503} INFO - 1 downstream tasks scheduled from follow-on schedule check
[2026-02-28T14:50:25.938+0000] {local_task_job_runner.py:222} INFO - ::endgroup::
