[2026-02-28T13:59:28.835+0000] {local_task_job_runner.py:120} INFO - ::group::Pre task execution logs
[2026-02-28T13:59:28.914+0000] {taskinstance.py:2076} INFO - Dependencies all met for dep_context=non-requeueable deps ti=<TaskInstance: etl_pipeline.wait_for_transactions manual__2026-02-28T13:58:01.673535+00:00 [queued]>
[2026-02-28T13:59:28.940+0000] {taskinstance.py:2076} INFO - Dependencies all met for dep_context=requeueable deps ti=<TaskInstance: etl_pipeline.wait_for_transactions manual__2026-02-28T13:58:01.673535+00:00 [queued]>
[2026-02-28T13:59:28.941+0000] {taskinstance.py:2306} INFO - Starting attempt 1 of 1
[2026-02-28T13:59:32.657+0000] {taskinstance.py:2330} INFO - Executing <Task(FileSensor): wait_for_transactions> on 2026-02-28 13:58:01.673535+00:00
[2026-02-28T13:59:32.747+0000] {standard_task_runner.py:90} INFO - Running: ['***', 'tasks', 'run', 'etl_pipeline', 'wait_for_transactions', 'manual__2026-02-28T13:58:01.673535+00:00', '--job-id', '13', '--raw', '--subdir', 'DAGS_FOLDER/etl_pipeline_dag.py', '--cfg-path', '/tmp/tmpi4ctmqz0']
[2026-02-28T13:59:32.750+0000] {standard_task_runner.py:91} INFO - Job 13: Subtask wait_for_transactions
[2026-02-28T13:59:32.718+0000] {warnings.py:112} WARNING - /home/***/.local/lib/python3.12/site-packages/***/task/task_runner/standard_task_runner.py:62: DeprecationWarning: This process (pid=585) is multi-threaded, use of fork() may lead to deadlocks in the child.
  pid = os.fork()

[2026-02-28T13:59:32.769+0000] {standard_task_runner.py:64} INFO - Started process 601 to run task
[2026-02-28T13:59:32.995+0000] {task_command.py:426} INFO - Running <TaskInstance: etl_pipeline.wait_for_transactions manual__2026-02-28T13:58:01.673535+00:00 [running]> on host ee8b1bd989de
[2026-02-28T13:59:33.244+0000] {taskinstance.py:2648} INFO - Exporting env vars: AIRFLOW_CTX_DAG_OWNER='***' AIRFLOW_CTX_DAG_ID='etl_pipeline' AIRFLOW_CTX_TASK_ID='wait_for_transactions' AIRFLOW_CTX_EXECUTION_DATE='2026-02-28T13:58:01.673535+00:00' AIRFLOW_CTX_TRY_NUMBER='1' AIRFLOW_CTX_DAG_RUN_ID='manual__2026-02-28T13:58:01.673535+00:00'
[2026-02-28T13:59:33.248+0000] {taskinstance.py:430} INFO - ::endgroup::
[2026-02-28T13:59:33.250+0000] {baseoperator.py:400} WARNING - FileSensor.execute cannot be called outside TaskInstance!
[2026-02-28T13:59:33.266+0000] {base.py:84} INFO - Using connection ID 'fs_default' for task execution.
[2026-02-28T13:59:33.268+0000] {filesystem.py:85} INFO - Poking for file /opt/***/data/incoming/transactions.csv
[2026-02-28T13:59:33.276+0000] {filesystem.py:89} INFO - Found File /opt/***/data/incoming/transactions.csv last modified: 20260207153434
[2026-02-28T13:59:33.277+0000] {base.py:294} INFO - Success criteria met. Exiting.
[2026-02-28T13:59:33.278+0000] {filesystem.py:85} INFO - Poking for file /opt/***/data/incoming/transactions.csv
[2026-02-28T13:59:33.283+0000] {filesystem.py:89} INFO - Found File /opt/***/data/incoming/transactions.csv last modified: 20260207153434
[2026-02-28T13:59:33.284+0000] {taskinstance.py:441} INFO - ::group::Post task execution logs
[2026-02-28T13:59:33.314+0000] {taskinstance.py:1206} INFO - Marking task as SUCCESS. dag_id=etl_pipeline, task_id=wait_for_transactions, run_id=manual__2026-02-28T13:58:01.673535+00:00, execution_date=20260228T135801, start_date=20260228T135928, end_date=20260228T135933
[2026-02-28T13:59:33.624+0000] {local_task_job_runner.py:243} INFO - Task exited with return code 0
[2026-02-28T13:59:33.667+0000] {taskinstance.py:3503} INFO - 1 downstream tasks scheduled from follow-on schedule check
[2026-02-28T13:59:33.766+0000] {local_task_job_runner.py:222} INFO - ::endgroup::
