[2026-02-28T14:20:34.054+0000] {local_task_job_runner.py:120} INFO - ::group::Pre task execution logs
[2026-02-28T14:20:34.379+0000] {taskinstance.py:2076} INFO - Dependencies all met for dep_context=non-requeueable deps ti=<TaskInstance: etl_pipeline.process_customers manual__2026-02-28T14:17:50.719166+00:00 [queued]>
[2026-02-28T14:20:35.812+0000] {taskinstance.py:2076} INFO - Dependencies all met for dep_context=requeueable deps ti=<TaskInstance: etl_pipeline.process_customers manual__2026-02-28T14:17:50.719166+00:00 [queued]>
[2026-02-28T14:20:35.979+0000] {taskinstance.py:2306} INFO - Starting attempt 1 of 1
[2026-02-28T14:20:37.001+0000] {taskinstance.py:2330} INFO - Executing <Task(PythonOperator): process_customers> on 2026-02-28 14:17:50.719166+00:00
[2026-02-28T14:20:37.017+0000] {warnings.py:112} WARNING - /home/***/.local/lib/python3.12/site-packages/***/task/task_runner/standard_task_runner.py:62: DeprecationWarning: This process (pid=818) is multi-threaded, use of fork() may lead to deadlocks in the child.
  pid = os.fork()

[2026-02-28T14:20:37.020+0000] {standard_task_runner.py:64} INFO - Started process 827 to run task
[2026-02-28T14:20:37.368+0000] {standard_task_runner.py:90} INFO - Running: ['***', 'tasks', 'run', 'etl_pipeline', 'process_customers', 'manual__2026-02-28T14:17:50.719166+00:00', '--job-id', '21', '--raw', '--subdir', 'DAGS_FOLDER/etl_pipeline_dag.py', '--cfg-path', '/tmp/tmpsamkqhkn']
[2026-02-28T14:20:37.424+0000] {standard_task_runner.py:91} INFO - Job 21: Subtask process_customers
[2026-02-28T14:20:41.756+0000] {task_command.py:426} INFO - Running <TaskInstance: etl_pipeline.process_customers manual__2026-02-28T14:17:50.719166+00:00 [running]> on host ee8b1bd989de
[2026-02-28T14:20:43.560+0000] {taskinstance.py:2648} INFO - Exporting env vars: AIRFLOW_CTX_DAG_OWNER='***' AIRFLOW_CTX_DAG_ID='etl_pipeline' AIRFLOW_CTX_TASK_ID='process_customers' AIRFLOW_CTX_EXECUTION_DATE='2026-02-28T14:17:50.719166+00:00' AIRFLOW_CTX_TRY_NUMBER='1' AIRFLOW_CTX_DAG_RUN_ID='manual__2026-02-28T14:17:50.719166+00:00'
[2026-02-28T14:20:43.606+0000] {taskinstance.py:430} INFO - ::endgroup::
[2026-02-28T14:20:45.761+0000] {run_pipeline.py:33} INFO - START processing file: customers.csv
[2026-02-28T14:20:45.919+0000] {validate.py:43} INFO - Starting validation for file: customers.csv
[2026-02-28T14:20:50.427+0000] {validate.py:12} INFO - Loading validation schema: config/customers.yaml
[2026-02-28T14:21:12.801+0000] {schema_validator.py:111} INFO - Schema validation completed | Valid rows: 101 | Quarantined rows: 0
[2026-02-28T14:21:46.072+0000] {validate.py:114} INFO - Validation successful for file: customers.csv
[2026-02-28T14:21:48.292+0000] {load.py:365} INFO - Starting load → customers.csv → table: customers
[2026-02-28T14:21:48.713+0000] {load.py:81} INFO - Loading schema for DB load: validation/customers.yaml
[2026-02-28T14:21:48.713+0000] {run_pipeline.py:138} ERROR - FAILED processing file: customers.csv
Traceback (most recent call last):
  File "/opt/airflow/scripts/load.py", line 368, in load
    schema = load_schema(filename)
             ^^^^^^^^^^^^^^^^^^^^^
  File "/opt/airflow/scripts/load.py", line 83, in load_schema
    with open(schema_path,"r") as f:
         ^^^^^^^^^^^^^^^^^^^^^
FileNotFoundError: [Errno 2] No such file or directory: 'validation/customers.yaml'

During handling of the above exception, another exception occurred:

Traceback (most recent call last):
  File "/opt/airflow/scripts/run_pipeline.py", line 118, in run_etl
    load(valid_df, filename)
  File "/opt/airflow/scripts/load.py", line 414, in load
    record_file_metadata(engine, filename, file_hash, "FAILED")
                         ^^^^^^
UnboundLocalError: cannot access local variable 'engine' where it is not associated with a value
[2026-02-28T14:23:00.756+0000] {python.py:237} INFO - Done. Returned value was: None
[2026-02-28T14:23:00.929+0000] {taskinstance.py:441} INFO - ::group::Post task execution logs
[2026-02-28T14:23:01.265+0000] {taskinstance.py:1206} INFO - Marking task as SUCCESS. dag_id=etl_pipeline, task_id=process_customers, run_id=manual__2026-02-28T14:17:50.719166+00:00, execution_date=20260228T141750, start_date=20260228T142034, end_date=20260228T142301
[2026-02-28T14:23:16.966+0000] {local_task_job_runner.py:243} INFO - Task exited with return code 0
[2026-02-28T14:23:18.098+0000] {taskinstance.py:3503} INFO - 0 downstream tasks scheduled from follow-on schedule check
[2026-02-28T14:23:18.674+0000] {local_task_job_runner.py:222} INFO - ::endgroup::
