[2026-02-28T14:35:58.857+0000] {local_task_job_runner.py:120} INFO - ::group::Pre task execution logs
[2026-02-28T14:35:58.960+0000] {taskinstance.py:2076} INFO - Dependencies all met for dep_context=non-requeueable deps ti=<TaskInstance: etl_pipeline.process_transactions manual__2026-02-28T14:33:29.740290+00:00 [queued]>
[2026-02-28T14:35:58.988+0000] {taskinstance.py:2076} INFO - Dependencies all met for dep_context=requeueable deps ti=<TaskInstance: etl_pipeline.process_transactions manual__2026-02-28T14:33:29.740290+00:00 [queued]>
[2026-02-28T14:35:58.989+0000] {taskinstance.py:2306} INFO - Starting attempt 1 of 1
[2026-02-28T14:35:59.092+0000] {taskinstance.py:2330} INFO - Executing <Task(PythonOperator): process_transactions> on 2026-02-28 14:33:29.740290+00:00
[2026-02-28T14:35:59.141+0000] {warnings.py:112} WARNING - /home/***/.local/lib/python3.12/site-packages/***/task/task_runner/standard_task_runner.py:62: DeprecationWarning: This process (pid=959) is multi-threaded, use of fork() may lead to deadlocks in the child.
  pid = os.fork()

[2026-02-28T14:35:59.148+0000] {standard_task_runner.py:64} INFO - Started process 963 to run task
[2026-02-28T14:35:59.147+0000] {standard_task_runner.py:90} INFO - Running: ['***', 'tasks', 'run', 'etl_pipeline', 'process_transactions', 'manual__2026-02-28T14:33:29.740290+00:00', '--job-id', '25', '--raw', '--subdir', 'DAGS_FOLDER/etl_pipeline_dag.py', '--cfg-path', '/tmp/tmpnp0gcw1o']
[2026-02-28T14:35:59.152+0000] {standard_task_runner.py:91} INFO - Job 25: Subtask process_transactions
[2026-02-28T14:35:59.456+0000] {task_command.py:426} INFO - Running <TaskInstance: etl_pipeline.process_transactions manual__2026-02-28T14:33:29.740290+00:00 [running]> on host ee8b1bd989de
[2026-02-28T14:35:59.976+0000] {taskinstance.py:2648} INFO - Exporting env vars: AIRFLOW_CTX_DAG_OWNER='***' AIRFLOW_CTX_DAG_ID='etl_pipeline' AIRFLOW_CTX_TASK_ID='process_transactions' AIRFLOW_CTX_EXECUTION_DATE='2026-02-28T14:33:29.740290+00:00' AIRFLOW_CTX_TRY_NUMBER='1' AIRFLOW_CTX_DAG_RUN_ID='manual__2026-02-28T14:33:29.740290+00:00'
[2026-02-28T14:35:59.978+0000] {taskinstance.py:430} INFO - ::endgroup::
[2026-02-28T14:36:00.040+0000] {run_pipeline.py:33} INFO - START processing file: transactions.csv
[2026-02-28T14:36:00.044+0000] {validate.py:43} INFO - Starting validation for file: transactions.csv
[2026-02-28T14:36:07.039+0000] {validate.py:12} INFO - Loading validation schema: config/transactions.yaml
[2026-02-28T14:36:13.604+0000] {schema_validator.py:111} INFO - Schema validation completed | Valid rows: 42 | Quarantined rows: 58
[2026-02-28T14:36:20.084+0000] {validate.py:114} INFO - Validation successful for file: transactions.csv
[2026-02-28T14:36:20.692+0000] {run_pipeline.py:138} ERROR - FAILED processing file: transactions.csv
Traceback (most recent call last):
  File "/opt/airflow/scripts/run_pipeline.py", line 60, in run_etl
    valid_df, ref_quarantine = validate_referential_integrity(valid_df)
                               ^^^^^^^^^^^^^^^^^^^^^^^^^^^^^^^^^^^^^^^^
  File "/opt/airflow/scripts/validators/referential_validator.py", line 27, in validate_referential_integrity
    customers = fetch_reference_set("customers", "customer_id")
                ^^^^^^^^^^^^^^^^^^^^^^^^^^^^^^^^^^^^^^^^^^^^^^^
  File "/opt/airflow/scripts/validators/referential_validator.py", line 10, in fetch_reference_set
    cur.execute(f"SELECT {column} FROM {table}")
psycopg2.errors.UndefinedTable: relation "customers" does not exist
LINE 1: SELECT customer_id FROM customers
                                ^

[2026-02-28T14:36:25.145+0000] {python.py:237} INFO - Done. Returned value was: None
[2026-02-28T14:36:25.146+0000] {taskinstance.py:441} INFO - ::group::Post task execution logs
[2026-02-28T14:36:25.186+0000] {taskinstance.py:1206} INFO - Marking task as SUCCESS. dag_id=etl_pipeline, task_id=process_transactions, run_id=manual__2026-02-28T14:33:29.740290+00:00, execution_date=20260228T143329, start_date=20260228T143558, end_date=20260228T143625
[2026-02-28T14:36:25.827+0000] {local_task_job_runner.py:243} INFO - Task exited with return code 0
[2026-02-28T14:36:26.147+0000] {taskinstance.py:3503} INFO - 0 downstream tasks scheduled from follow-on schedule check
[2026-02-28T14:36:26.355+0000] {local_task_job_runner.py:222} INFO - ::endgroup::
