[2026-02-28T14:07:09.606+0000] {local_task_job_runner.py:120} INFO - ::group::Pre task execution logs
[2026-02-28T14:07:09.898+0000] {taskinstance.py:2076} INFO - Dependencies all met for dep_context=non-requeueable deps ti=<TaskInstance: etl_pipeline.wait_for_transactions manual__2026-02-28T14:06:54.897090+00:00 [queued]>
[2026-02-28T14:07:09.993+0000] {taskinstance.py:2076} INFO - Dependencies all met for dep_context=requeueable deps ti=<TaskInstance: etl_pipeline.wait_for_transactions manual__2026-02-28T14:06:54.897090+00:00 [queued]>
[2026-02-28T14:07:10.055+0000] {taskinstance.py:2306} INFO - Starting attempt 1 of 1
[2026-02-28T14:07:10.291+0000] {taskinstance.py:2330} INFO - Executing <Task(FileSensor): wait_for_transactions> on 2026-02-28 14:06:54.897090+00:00
[2026-02-28T14:07:10.350+0000] {warnings.py:112} WARNING - /home/***/.local/lib/python3.12/site-packages/***/task/task_runner/standard_task_runner.py:62: DeprecationWarning: This process (pid=682) is multi-threaded, use of fork() may lead to deadlocks in the child.
  pid = os.fork()

[2026-02-28T14:07:10.403+0000] {standard_task_runner.py:64} INFO - Started process 694 to run task
[2026-02-28T14:07:10.377+0000] {standard_task_runner.py:90} INFO - Running: ['***', 'tasks', 'run', 'etl_pipeline', 'wait_for_transactions', 'manual__2026-02-28T14:06:54.897090+00:00', '--job-id', '15', '--raw', '--subdir', 'DAGS_FOLDER/etl_pipeline_dag.py', '--cfg-path', '/tmp/tmp2q42yvqf']
[2026-02-28T14:07:10.428+0000] {standard_task_runner.py:91} INFO - Job 15: Subtask wait_for_transactions
[2026-02-28T14:07:10.820+0000] {task_command.py:426} INFO - Running <TaskInstance: etl_pipeline.wait_for_transactions manual__2026-02-28T14:06:54.897090+00:00 [running]> on host ee8b1bd989de
[2026-02-28T14:07:11.878+0000] {taskinstance.py:2648} INFO - Exporting env vars: AIRFLOW_CTX_DAG_OWNER='***' AIRFLOW_CTX_DAG_ID='etl_pipeline' AIRFLOW_CTX_TASK_ID='wait_for_transactions' AIRFLOW_CTX_EXECUTION_DATE='2026-02-28T14:06:54.897090+00:00' AIRFLOW_CTX_TRY_NUMBER='1' AIRFLOW_CTX_DAG_RUN_ID='manual__2026-02-28T14:06:54.897090+00:00'
[2026-02-28T14:07:11.917+0000] {taskinstance.py:430} INFO - ::endgroup::
[2026-02-28T14:07:11.920+0000] {baseoperator.py:400} WARNING - FileSensor.execute cannot be called outside TaskInstance!
[2026-02-28T14:07:12.095+0000] {base.py:84} INFO - Using connection ID 'fs_default' for task execution.
[2026-02-28T14:07:12.099+0000] {filesystem.py:85} INFO - Poking for file /opt/***/data/incoming/transactions.csv
[2026-02-28T14:07:17.239+0000] {filesystem.py:85} INFO - Poking for file /opt/***/data/incoming/transactions.csv
[2026-02-28T14:07:22.257+0000] {filesystem.py:85} INFO - Poking for file /opt/***/data/incoming/transactions.csv
[2026-02-28T14:07:27.283+0000] {filesystem.py:85} INFO - Poking for file /opt/***/data/incoming/transactions.csv
[2026-02-28T14:07:32.288+0000] {filesystem.py:85} INFO - Poking for file /opt/***/data/incoming/transactions.csv
[2026-02-28T14:07:38.945+0000] {filesystem.py:85} INFO - Poking for file /opt/***/data/incoming/transactions.csv
[2026-02-28T14:07:43.952+0000] {filesystem.py:85} INFO - Poking for file /opt/***/data/incoming/transactions.csv
[2026-02-28T14:07:51.468+0000] {filesystem.py:85} INFO - Poking for file /opt/***/data/incoming/transactions.csv
[2026-02-28T14:08:00.870+0000] {filesystem.py:85} INFO - Poking for file /opt/***/data/incoming/transactions.csv
[2026-02-28T14:08:05.903+0000] {filesystem.py:85} INFO - Poking for file /opt/***/data/incoming/transactions.csv
[2026-02-28T14:08:12.700+0000] {filesystem.py:85} INFO - Poking for file /opt/***/data/incoming/transactions.csv
[2026-02-28T14:08:17.704+0000] {filesystem.py:85} INFO - Poking for file /opt/***/data/incoming/transactions.csv
[2026-02-28T14:08:23.360+0000] {filesystem.py:85} INFO - Poking for file /opt/***/data/incoming/transactions.csv
[2026-02-28T14:08:28.433+0000] {filesystem.py:85} INFO - Poking for file /opt/***/data/incoming/transactions.csv
[2026-02-28T14:08:33.438+0000] {filesystem.py:85} INFO - Poking for file /opt/***/data/incoming/transactions.csv
[2026-02-28T14:08:38.444+0000] {filesystem.py:85} INFO - Poking for file /opt/***/data/incoming/transactions.csv
[2026-02-28T14:08:45.207+0000] {filesystem.py:85} INFO - Poking for file /opt/***/data/incoming/transactions.csv
[2026-02-28T14:08:50.215+0000] {filesystem.py:85} INFO - Poking for file /opt/***/data/incoming/transactions.csv
[2026-02-28T14:08:55.223+0000] {filesystem.py:85} INFO - Poking for file /opt/***/data/incoming/transactions.csv
[2026-02-28T14:09:00.225+0000] {filesystem.py:85} INFO - Poking for file /opt/***/data/incoming/transactions.csv
[2026-02-28T14:09:05.228+0000] {filesystem.py:85} INFO - Poking for file /opt/***/data/incoming/transactions.csv
[2026-02-28T14:09:10.230+0000] {filesystem.py:85} INFO - Poking for file /opt/***/data/incoming/transactions.csv
[2026-02-28T14:09:16.980+0000] {filesystem.py:85} INFO - Poking for file /opt/***/data/incoming/transactions.csv
[2026-02-28T14:09:21.985+0000] {filesystem.py:85} INFO - Poking for file /opt/***/data/incoming/transactions.csv
[2026-02-28T14:09:26.987+0000] {filesystem.py:85} INFO - Poking for file /opt/***/data/incoming/transactions.csv
[2026-02-28T14:09:31.995+0000] {filesystem.py:85} INFO - Poking for file /opt/***/data/incoming/transactions.csv
[2026-02-28T14:09:36.998+0000] {filesystem.py:85} INFO - Poking for file /opt/***/data/incoming/transactions.csv
[2026-02-28T14:09:42.000+0000] {filesystem.py:85} INFO - Poking for file /opt/***/data/incoming/transactions.csv
[2026-02-28T14:09:48.677+0000] {filesystem.py:85} INFO - Poking for file /opt/***/data/incoming/transactions.csv
[2026-02-28T14:09:53.686+0000] {filesystem.py:85} INFO - Poking for file /opt/***/data/incoming/transactions.csv
[2026-02-28T14:09:58.689+0000] {filesystem.py:85} INFO - Poking for file /opt/***/data/incoming/transactions.csv
[2026-02-28T14:10:03.695+0000] {filesystem.py:85} INFO - Poking for file /opt/***/data/incoming/transactions.csv
[2026-02-28T14:10:08.712+0000] {filesystem.py:85} INFO - Poking for file /opt/***/data/incoming/transactions.csv
[2026-02-28T14:10:13.719+0000] {filesystem.py:85} INFO - Poking for file /opt/***/data/incoming/transactions.csv
[2026-02-28T14:10:20.477+0000] {filesystem.py:85} INFO - Poking for file /opt/***/data/incoming/transactions.csv
[2026-02-28T14:10:25.659+0000] {filesystem.py:85} INFO - Poking for file /opt/***/data/incoming/transactions.csv
[2026-02-28T14:10:32.386+0000] {filesystem.py:85} INFO - Poking for file /opt/***/data/incoming/transactions.csv
[2026-02-28T14:10:37.390+0000] {filesystem.py:85} INFO - Poking for file /opt/***/data/incoming/transactions.csv
[2026-02-28T14:10:42.393+0000] {filesystem.py:85} INFO - Poking for file /opt/***/data/incoming/transactions.csv
[2026-02-28T14:10:48.228+0000] {filesystem.py:85} INFO - Poking for file /opt/***/data/incoming/transactions.csv
[2026-02-28T14:10:54.848+0000] {filesystem.py:85} INFO - Poking for file /opt/***/data/incoming/transactions.csv
[2026-02-28T14:11:00.040+0000] {filesystem.py:85} INFO - Poking for file /opt/***/data/incoming/transactions.csv
[2026-02-28T14:11:05.047+0000] {filesystem.py:85} INFO - Poking for file /opt/***/data/incoming/transactions.csv
[2026-02-28T14:11:10.079+0000] {filesystem.py:85} INFO - Poking for file /opt/***/data/incoming/transactions.csv
[2026-02-28T14:11:15.081+0000] {filesystem.py:85} INFO - Poking for file /opt/***/data/incoming/transactions.csv
[2026-02-28T14:11:22.096+0000] {filesystem.py:85} INFO - Poking for file /opt/***/data/incoming/transactions.csv
[2026-02-28T14:11:27.099+0000] {filesystem.py:85} INFO - Poking for file /opt/***/data/incoming/transactions.csv
[2026-02-28T14:11:32.104+0000] {filesystem.py:85} INFO - Poking for file /opt/***/data/incoming/transactions.csv
[2026-02-28T14:11:37.107+0000] {filesystem.py:85} INFO - Poking for file /opt/***/data/incoming/transactions.csv
[2026-02-28T14:11:42.199+0000] {filesystem.py:85} INFO - Poking for file /opt/***/data/incoming/transactions.csv
[2026-02-28T14:11:47.207+0000] {filesystem.py:85} INFO - Poking for file /opt/***/data/incoming/transactions.csv
[2026-02-28T14:11:53.867+0000] {filesystem.py:85} INFO - Poking for file /opt/***/data/incoming/transactions.csv
[2026-02-28T14:11:58.869+0000] {filesystem.py:85} INFO - Poking for file /opt/***/data/incoming/transactions.csv
[2026-02-28T14:12:04.091+0000] {filesystem.py:85} INFO - Poking for file /opt/***/data/incoming/transactions.csv
[2026-02-28T14:12:20.284+0000] {filesystem.py:85} INFO - Poking for file /opt/***/data/incoming/transactions.csv
[2026-02-28T14:12:27.119+0000] {filesystem.py:85} INFO - Poking for file /opt/***/data/incoming/transactions.csv
[2026-02-28T14:12:32.122+0000] {filesystem.py:85} INFO - Poking for file /opt/***/data/incoming/transactions.csv
[2026-02-28T14:12:32.125+0000] {taskinstance.py:441} INFO - ::group::Post task execution logs
[2026-02-28T14:12:32.126+0000] {taskinstance.py:2905} ERROR - Task failed with exception
Traceback (most recent call last):
  File "/home/airflow/.local/lib/python3.12/site-packages/airflow/models/taskinstance.py", line 465, in _execute_task
    result = _execute_callable(context=context, **execute_callable_kwargs)
             ^^^^^^^^^^^^^^^^^^^^^^^^^^^^^^^^^^^^^^^^^^^^^^^^^^^^^^^^^^^^^
  File "/home/airflow/.local/lib/python3.12/site-packages/airflow/models/taskinstance.py", line 432, in _execute_callable
    return execute_callable(context=context, **execute_callable_kwargs)
           ^^^^^^^^^^^^^^^^^^^^^^^^^^^^^^^^^^^^^^^^^^^^^^^^^^^^^^^^^^^^
  File "/home/airflow/.local/lib/python3.12/site-packages/airflow/models/baseoperator.py", line 401, in wrapper
    return func(self, *args, **kwargs)
           ^^^^^^^^^^^^^^^^^^^^^^^^^^^
  File "/home/airflow/.local/lib/python3.12/site-packages/airflow/sensors/filesystem.py", line 99, in execute
    super().execute(context=context)
  File "/home/airflow/.local/lib/python3.12/site-packages/airflow/models/baseoperator.py", line 401, in wrapper
    return func(self, *args, **kwargs)
           ^^^^^^^^^^^^^^^^^^^^^^^^^^^
  File "/home/airflow/.local/lib/python3.12/site-packages/airflow/sensors/base.py", line 281, in execute
    raise AirflowSensorTimeout(message)
airflow.exceptions.AirflowSensorTimeout: Sensor has timed out; run duration of 302.8750716379982 seconds exceeds the specified timeout of 300.0.
[2026-02-28T14:12:33.601+0000] {taskinstance.py:1206} INFO - Immediate failure requested. Marking task as FAILED. dag_id=etl_pipeline, task_id=wait_for_transactions, run_id=manual__2026-02-28T14:06:54.897090+00:00, execution_date=20260228T140654, start_date=20260228T140709, end_date=20260228T141233
[2026-02-28T14:12:38.697+0000] {standard_task_runner.py:110} ERROR - Failed to execute job 15 for task wait_for_transactions (Sensor has timed out; run duration of 302.8750716379982 seconds exceeds the specified timeout of 300.0.; 694)
[2026-02-28T14:13:01.798+0000] {local_task_job_runner.py:243} INFO - Task exited with return code 1
[2026-02-28T14:13:06.286+0000] {local_task_job_runner.py:222} INFO - ::endgroup::
