[2026-02-28T15:31:47.126+0000] {local_task_job_runner.py:120} INFO - ::group::Pre task execution logs
[2026-02-28T15:31:47.176+0000] {taskinstance.py:2076} INFO - Dependencies all met for dep_context=non-requeueable deps ti=<TaskInstance: etl_pipeline.process_products manual__2026-02-28T15:31:01.202012+00:00 [queued]>
[2026-02-28T15:31:47.193+0000] {taskinstance.py:2076} INFO - Dependencies all met for dep_context=requeueable deps ti=<TaskInstance: etl_pipeline.process_products manual__2026-02-28T15:31:01.202012+00:00 [queued]>
[2026-02-28T15:31:47.194+0000] {taskinstance.py:2306} INFO - Starting attempt 1 of 1
[2026-02-28T15:31:47.235+0000] {taskinstance.py:2330} INFO - Executing <Task(PythonOperator): process_products> on 2026-02-28 15:31:01.202012+00:00
[2026-02-28T15:31:47.271+0000] {warnings.py:112} WARNING - /home/***/.local/lib/python3.12/site-packages/***/task/task_runner/standard_task_runner.py:62: DeprecationWarning: This process (pid=1579) is multi-threaded, use of fork() may lead to deadlocks in the child.
  pid = os.fork()

[2026-02-28T15:31:48.039+0000] {standard_task_runner.py:90} INFO - Running: ['***', 'tasks', 'run', 'etl_pipeline', 'process_products', 'manual__2026-02-28T15:31:01.202012+00:00', '--job-id', '36', '--raw', '--subdir', 'DAGS_FOLDER/etl_pipeline_dag.py', '--cfg-path', '/tmp/tmp23dz05qe']
[2026-02-28T15:31:48.047+0000] {standard_task_runner.py:64} INFO - Started process 1581 to run task
[2026-02-28T15:31:48.048+0000] {standard_task_runner.py:91} INFO - Job 36: Subtask process_products
[2026-02-28T15:31:48.252+0000] {task_command.py:426} INFO - Running <TaskInstance: etl_pipeline.process_products manual__2026-02-28T15:31:01.202012+00:00 [running]> on host ee8b1bd989de
[2026-02-28T15:31:49.664+0000] {taskinstance.py:2648} INFO - Exporting env vars: AIRFLOW_CTX_DAG_OWNER='***' AIRFLOW_CTX_DAG_ID='etl_pipeline' AIRFLOW_CTX_TASK_ID='process_products' AIRFLOW_CTX_EXECUTION_DATE='2026-02-28T15:31:01.202012+00:00' AIRFLOW_CTX_TRY_NUMBER='1' AIRFLOW_CTX_DAG_RUN_ID='manual__2026-02-28T15:31:01.202012+00:00'
[2026-02-28T15:31:49.671+0000] {taskinstance.py:430} INFO - ::endgroup::
[2026-02-28T15:31:49.689+0000] {run_pipeline.py:33} INFO - START processing file: products.csv
[2026-02-28T15:31:49.695+0000] {validate.py:54} INFO - Starting validation for file: products.csv
[2026-02-28T15:31:49.756+0000] {validate.py:12} INFO - Loading validation schema: config/products.yaml
[2026-02-28T15:31:49.915+0000] {schema_validator.py:111} INFO - Schema validation completed | Valid rows: 1080 | Quarantined rows: 0
[2026-02-28T15:31:50.256+0000] {business_validator.py:68} INFO - Business validation completed | Valid rows: 1080 | Quarantined rows: 0
[2026-02-28T15:31:50.258+0000] {validate.py:125} INFO - Validation successful for file: products.csv
[2026-02-28T15:31:50.264+0000] {load.py:365} INFO - Starting load → products.csv → table: products
[2026-02-28T15:31:50.271+0000] {load.py:81} INFO - Loading schema for DB load: config/products.yaml
[2026-02-28T15:31:50.384+0000] {load.py:155} INFO - Ensuring table exists: products
[2026-02-28T15:31:51.902+0000] {load.py:238} INFO - SCD2 upsert started for table: products
[2026-02-28T15:32:18.693+0000] {load.py:306} INFO - SCD2 SUMMARY : products | INSERT: 1080 | UPDATE: 0 | SKIP: 0
[2026-02-28T15:32:20.024+0000] {load.py:411} INFO - Load successful for file: products.csv
[2026-02-28T15:32:20.117+0000] {run_pipeline.py:134} INFO - SUCCESS products.csv
[2026-02-28T15:32:20.118+0000] {python.py:237} INFO - Done. Returned value was: None
[2026-02-28T15:32:20.119+0000] {taskinstance.py:441} INFO - ::group::Post task execution logs
[2026-02-28T15:32:20.136+0000] {taskinstance.py:1206} INFO - Marking task as SUCCESS. dag_id=etl_pipeline, task_id=process_products, run_id=manual__2026-02-28T15:31:01.202012+00:00, execution_date=20260228T153101, start_date=20260228T153147, end_date=20260228T153220
[2026-02-28T15:32:21.301+0000] {local_task_job_runner.py:243} INFO - Task exited with return code 0
[2026-02-28T15:32:21.342+0000] {taskinstance.py:3503} INFO - 1 downstream tasks scheduled from follow-on schedule check
[2026-02-28T15:32:21.389+0000] {local_task_job_runner.py:222} INFO - ::endgroup::
