[2026-02-28T15:31:27.036+0000] {local_task_job_runner.py:120} INFO - ::group::Pre task execution logs
[2026-02-28T15:31:27.165+0000] {taskinstance.py:2076} INFO - Dependencies all met for dep_context=non-requeueable deps ti=<TaskInstance: etl_pipeline.process_customers manual__2026-02-28T15:31:01.202012+00:00 [queued]>
[2026-02-28T15:31:27.196+0000] {taskinstance.py:2076} INFO - Dependencies all met for dep_context=requeueable deps ti=<TaskInstance: etl_pipeline.process_customers manual__2026-02-28T15:31:01.202012+00:00 [queued]>
[2026-02-28T15:31:27.197+0000] {taskinstance.py:2306} INFO - Starting attempt 1 of 1
[2026-02-28T15:31:27.757+0000] {taskinstance.py:2330} INFO - Executing <Task(PythonOperator): process_customers> on 2026-02-28 15:31:01.202012+00:00
[2026-02-28T15:31:27.778+0000] {warnings.py:112} WARNING - /home/***/.local/lib/python3.12/site-packages/***/task/task_runner/standard_task_runner.py:62: DeprecationWarning: This process (pid=1573) is multi-threaded, use of fork() may lead to deadlocks in the child.
  pid = os.fork()

[2026-02-28T15:31:27.781+0000] {standard_task_runner.py:64} INFO - Started process 1575 to run task
[2026-02-28T15:31:27.785+0000] {standard_task_runner.py:90} INFO - Running: ['***', 'tasks', 'run', 'etl_pipeline', 'process_customers', 'manual__2026-02-28T15:31:01.202012+00:00', '--job-id', '34', '--raw', '--subdir', 'DAGS_FOLDER/etl_pipeline_dag.py', '--cfg-path', '/tmp/tmpzkj35iu2']
[2026-02-28T15:31:27.788+0000] {standard_task_runner.py:91} INFO - Job 34: Subtask process_customers
[2026-02-28T15:31:28.086+0000] {task_command.py:426} INFO - Running <TaskInstance: etl_pipeline.process_customers manual__2026-02-28T15:31:01.202012+00:00 [running]> on host ee8b1bd989de
[2026-02-28T15:31:28.518+0000] {taskinstance.py:2648} INFO - Exporting env vars: AIRFLOW_CTX_DAG_OWNER='***' AIRFLOW_CTX_DAG_ID='etl_pipeline' AIRFLOW_CTX_TASK_ID='process_customers' AIRFLOW_CTX_EXECUTION_DATE='2026-02-28T15:31:01.202012+00:00' AIRFLOW_CTX_TRY_NUMBER='1' AIRFLOW_CTX_DAG_RUN_ID='manual__2026-02-28T15:31:01.202012+00:00'
[2026-02-28T15:31:28.521+0000] {taskinstance.py:430} INFO - ::endgroup::
[2026-02-28T15:31:28.534+0000] {run_pipeline.py:33} INFO - START processing file: customers.csv
[2026-02-28T15:31:28.541+0000] {validate.py:54} INFO - Starting validation for file: customers.csv
[2026-02-28T15:31:28.613+0000] {validate.py:12} INFO - Loading validation schema: config/customers.yaml
[2026-02-28T15:31:28.750+0000] {schema_validator.py:111} INFO - Schema validation completed | Valid rows: 101 | Quarantined rows: 0
[2026-02-28T15:31:28.792+0000] {business_validator.py:68} INFO - Business validation completed | Valid rows: 101 | Quarantined rows: 0
[2026-02-28T15:31:28.794+0000] {validate.py:125} INFO - Validation successful for file: customers.csv
[2026-02-28T15:31:28.797+0000] {load.py:365} INFO - Starting load → customers.csv → table: customers
[2026-02-28T15:31:28.797+0000] {load.py:81} INFO - Loading schema for DB load: config/customers.yaml
[2026-02-28T15:31:33.445+0000] {load.py:155} INFO - Ensuring table exists: customers
[2026-02-28T15:31:33.996+0000] {load.py:238} INFO - SCD2 upsert started for table: customers
[2026-02-28T15:31:37.766+0000] {load.py:306} INFO - SCD2 SUMMARY : customers | INSERT: 101 | UPDATE: 0 | SKIP: 0
[2026-02-28T15:31:37.837+0000] {load.py:411} INFO - Load successful for file: customers.csv
[2026-02-28T15:31:38.316+0000] {run_pipeline.py:134} INFO - SUCCESS customers.csv
[2026-02-28T15:31:38.318+0000] {python.py:237} INFO - Done. Returned value was: None
[2026-02-28T15:31:38.325+0000] {taskinstance.py:441} INFO - ::group::Post task execution logs
[2026-02-28T15:31:38.383+0000] {taskinstance.py:1206} INFO - Marking task as SUCCESS. dag_id=etl_pipeline, task_id=process_customers, run_id=manual__2026-02-28T15:31:01.202012+00:00, execution_date=20260228T153101, start_date=20260228T153127, end_date=20260228T153138
[2026-02-28T15:31:38.507+0000] {local_task_job_runner.py:243} INFO - Task exited with return code 0
[2026-02-28T15:31:38.584+0000] {taskinstance.py:3503} INFO - 1 downstream tasks scheduled from follow-on schedule check
[2026-02-28T15:31:38.620+0000] {local_task_job_runner.py:222} INFO - ::endgroup::
