[2026-02-27T08:46:23.885+0000] {local_task_job_runner.py:120} INFO - ::group::Pre task execution logs
[2026-02-27T08:46:23.926+0000] {taskinstance.py:2076} INFO - Dependencies all met for dep_context=non-requeueable deps ti=<TaskInstance: detect_file.wait_for_customers_csv manual__2026-02-27T08:46:17.081558+00:00 [queued]>
[2026-02-27T08:46:23.939+0000] {taskinstance.py:2076} INFO - Dependencies all met for dep_context=requeueable deps ti=<TaskInstance: detect_file.wait_for_customers_csv manual__2026-02-27T08:46:17.081558+00:00 [queued]>
[2026-02-27T08:46:23.940+0000] {taskinstance.py:2306} INFO - Starting attempt 1 of 1
[2026-02-27T08:46:24.034+0000] {taskinstance.py:2330} INFO - Executing <Task(FileSensor): wait_for_customers_csv> on 2026-02-27 08:46:17.081558+00:00
[2026-02-27T08:46:24.047+0000] {warnings.py:112} WARNING - /home/***/.local/lib/python3.12/site-packages/***/task/task_runner/standard_task_runner.py:62: DeprecationWarning: This process (pid=1039) is multi-threaded, use of fork() may lead to deadlocks in the child.
  pid = os.fork()

[2026-02-27T08:46:24.051+0000] {standard_task_runner.py:64} INFO - Started process 1041 to run task
[2026-02-27T08:46:24.050+0000] {standard_task_runner.py:90} INFO - Running: ['***', 'tasks', 'run', 'detect_file', 'wait_for_customers_csv', 'manual__2026-02-27T08:46:17.081558+00:00', '--job-id', '18', '--raw', '--subdir', 'DAGS_FOLDER/file_sensor_test.py', '--cfg-path', '/tmp/tmp4c6cmfup']
[2026-02-27T08:46:24.057+0000] {standard_task_runner.py:91} INFO - Job 18: Subtask wait_for_customers_csv
[2026-02-27T08:46:24.210+0000] {task_command.py:426} INFO - Running <TaskInstance: detect_file.wait_for_customers_csv manual__2026-02-27T08:46:17.081558+00:00 [running]> on host b9b6c8ae1f85
[2026-02-27T08:46:24.649+0000] {taskinstance.py:2648} INFO - Exporting env vars: AIRFLOW_CTX_DAG_OWNER='***' AIRFLOW_CTX_DAG_ID='detect_file' AIRFLOW_CTX_TASK_ID='wait_for_customers_csv' AIRFLOW_CTX_EXECUTION_DATE='2026-02-27T08:46:17.081558+00:00' AIRFLOW_CTX_TRY_NUMBER='1' AIRFLOW_CTX_DAG_RUN_ID='manual__2026-02-27T08:46:17.081558+00:00'
[2026-02-27T08:46:24.659+0000] {taskinstance.py:430} INFO - ::endgroup::
[2026-02-27T08:46:24.666+0000] {baseoperator.py:400} WARNING - FileSensor.execute cannot be called outside TaskInstance!
[2026-02-27T08:46:24.712+0000] {base.py:84} INFO - Using connection ID 'fs_default' for task execution.
[2026-02-27T08:46:24.718+0000] {filesystem.py:85} INFO - Poking for file /opt/***/data/incoming/customers.csv
[2026-02-27T08:46:24.724+0000] {filesystem.py:89} INFO - Found File /opt/***/data/incoming/customers.csv last modified: 20260212173908
[2026-02-27T08:46:24.725+0000] {base.py:294} INFO - Success criteria met. Exiting.
[2026-02-27T08:46:24.727+0000] {filesystem.py:85} INFO - Poking for file /opt/***/data/incoming/customers.csv
[2026-02-27T08:46:24.733+0000] {filesystem.py:89} INFO - Found File /opt/***/data/incoming/customers.csv last modified: 20260212173908
[2026-02-27T08:46:24.734+0000] {taskinstance.py:441} INFO - ::group::Post task execution logs
[2026-02-27T08:46:24.755+0000] {taskinstance.py:1206} INFO - Marking task as SUCCESS. dag_id=detect_file, task_id=wait_for_customers_csv, run_id=manual__2026-02-27T08:46:17.081558+00:00, execution_date=20260227T084617, start_date=20260227T084623, end_date=20260227T084624
[2026-02-27T08:46:24.851+0000] {local_task_job_runner.py:243} INFO - Task exited with return code 0
[2026-02-27T08:46:24.874+0000] {taskinstance.py:3503} INFO - 0 downstream tasks scheduled from follow-on schedule check
[2026-02-27T08:46:24.969+0000] {local_task_job_runner.py:222} INFO - ::endgroup::
