[2026-02-28T14:50:33.436+0000] {local_task_job_runner.py:120} INFO - ::group::Pre task execution logs
[2026-02-28T14:50:33.547+0000] {taskinstance.py:2076} INFO - Dependencies all met for dep_context=non-requeueable deps ti=<TaskInstance: etl_pipeline.process_customers manual__2026-02-28T14:49:20.422496+00:00 [queued]>
[2026-02-28T14:50:33.599+0000] {taskinstance.py:2076} INFO - Dependencies all met for dep_context=requeueable deps ti=<TaskInstance: etl_pipeline.process_customers manual__2026-02-28T14:49:20.422496+00:00 [queued]>
[2026-02-28T14:50:33.600+0000] {taskinstance.py:2306} INFO - Starting attempt 1 of 1
[2026-02-28T14:50:33.718+0000] {taskinstance.py:2330} INFO - Executing <Task(PythonOperator): process_customers> on 2026-02-28 14:49:20.422496+00:00
[2026-02-28T14:50:33.754+0000] {warnings.py:112} WARNING - /home/***/.local/lib/python3.12/site-packages/***/task/task_runner/standard_task_runner.py:62: DeprecationWarning: This process (pid=1111) is multi-threaded, use of fork() may lead to deadlocks in the child.
  pid = os.fork()

[2026-02-28T14:50:33.761+0000] {standard_task_runner.py:90} INFO - Running: ['***', 'tasks', 'run', 'etl_pipeline', 'process_customers', 'manual__2026-02-28T14:49:20.422496+00:00', '--job-id', '28', '--raw', '--subdir', 'DAGS_FOLDER/etl_pipeline_dag.py', '--cfg-path', '/tmp/tmpmw_nlwlq']
[2026-02-28T14:50:33.764+0000] {standard_task_runner.py:91} INFO - Job 28: Subtask process_customers
[2026-02-28T14:50:33.763+0000] {standard_task_runner.py:64} INFO - Started process 1119 to run task
[2026-02-28T14:50:33.967+0000] {task_command.py:426} INFO - Running <TaskInstance: etl_pipeline.process_customers manual__2026-02-28T14:49:20.422496+00:00 [running]> on host ee8b1bd989de
[2026-02-28T14:50:34.334+0000] {taskinstance.py:2648} INFO - Exporting env vars: AIRFLOW_CTX_DAG_OWNER='***' AIRFLOW_CTX_DAG_ID='etl_pipeline' AIRFLOW_CTX_TASK_ID='process_customers' AIRFLOW_CTX_EXECUTION_DATE='2026-02-28T14:49:20.422496+00:00' AIRFLOW_CTX_TRY_NUMBER='1' AIRFLOW_CTX_DAG_RUN_ID='manual__2026-02-28T14:49:20.422496+00:00'
[2026-02-28T14:50:34.337+0000] {taskinstance.py:430} INFO - ::endgroup::
[2026-02-28T14:50:34.358+0000] {run_pipeline.py:33} INFO - START processing file: customers.csv
[2026-02-28T14:50:34.364+0000] {validate.py:43} INFO - Starting validation for file: customers.csv
[2026-02-28T14:50:34.564+0000] {validate.py:12} INFO - Loading validation schema: config/customers.yaml
[2026-02-28T14:50:34.863+0000] {schema_validator.py:111} INFO - Schema validation completed | Valid rows: 101 | Quarantined rows: 0
[2026-02-28T14:50:35.193+0000] {validate.py:114} INFO - Validation successful for file: customers.csv
[2026-02-28T14:50:35.197+0000] {load.py:365} INFO - Starting load → customers.csv → table: customers
[2026-02-28T14:50:35.199+0000] {load.py:81} INFO - Loading schema for DB load: config/customers.yaml
[2026-02-28T14:50:35.379+0000] {load.py:155} INFO - Ensuring table exists: customers
[2026-02-28T14:50:36.022+0000] {load.py:238} INFO - SCD2 upsert started for table: customers
[2026-02-28T14:50:38.656+0000] {load.py:306} INFO - SCD2 SUMMARY : customers | INSERT: 101 | UPDATE: 0 | SKIP: 0
[2026-02-28T14:50:38.785+0000] {load.py:411} INFO - Load successful for file: customers.csv
[2026-02-28T14:50:38.848+0000] {run_pipeline.py:134} INFO - SUCCESS customers.csv
[2026-02-28T14:50:38.849+0000] {python.py:237} INFO - Done. Returned value was: None
[2026-02-28T14:50:38.851+0000] {taskinstance.py:441} INFO - ::group::Post task execution logs
[2026-02-28T14:50:38.864+0000] {taskinstance.py:1206} INFO - Marking task as SUCCESS. dag_id=etl_pipeline, task_id=process_customers, run_id=manual__2026-02-28T14:49:20.422496+00:00, execution_date=20260228T144920, start_date=20260228T145033, end_date=20260228T145038
[2026-02-28T14:50:38.935+0000] {local_task_job_runner.py:243} INFO - Task exited with return code 0
[2026-02-28T14:50:38.975+0000] {taskinstance.py:3503} INFO - 1 downstream tasks scheduled from follow-on schedule check
[2026-02-28T14:50:39.016+0000] {local_task_job_runner.py:222} INFO - ::endgroup::
