[2026-02-28T15:32:25.500+0000] {local_task_job_runner.py:120} INFO - ::group::Pre task execution logs
[2026-02-28T15:32:25.556+0000] {taskinstance.py:2076} INFO - Dependencies all met for dep_context=non-requeueable deps ti=<TaskInstance: etl_pipeline.wait_for_transactions manual__2026-02-28T15:31:01.202012+00:00 [queued]>
[2026-02-28T15:32:25.570+0000] {taskinstance.py:2076} INFO - Dependencies all met for dep_context=requeueable deps ti=<TaskInstance: etl_pipeline.wait_for_transactions manual__2026-02-28T15:31:01.202012+00:00 [queued]>
[2026-02-28T15:32:25.571+0000] {taskinstance.py:2306} INFO - Starting attempt 1 of 1
[2026-02-28T15:32:25.633+0000] {taskinstance.py:2330} INFO - Executing <Task(FileSensor): wait_for_transactions> on 2026-02-28 15:31:01.202012+00:00
[2026-02-28T15:32:25.650+0000] {warnings.py:112} WARNING - /home/***/.local/lib/python3.12/site-packages/***/task/task_runner/standard_task_runner.py:62: DeprecationWarning: This process (pid=1589) is multi-threaded, use of fork() may lead to deadlocks in the child.
  pid = os.fork()

[2026-02-28T15:32:25.654+0000] {standard_task_runner.py:64} INFO - Started process 1591 to run task
[2026-02-28T15:32:25.656+0000] {standard_task_runner.py:90} INFO - Running: ['***', 'tasks', 'run', 'etl_pipeline', 'wait_for_transactions', 'manual__2026-02-28T15:31:01.202012+00:00', '--job-id', '37', '--raw', '--subdir', 'DAGS_FOLDER/etl_pipeline_dag.py', '--cfg-path', '/tmp/tmpph8eksfb']
[2026-02-28T15:32:25.658+0000] {standard_task_runner.py:91} INFO - Job 37: Subtask wait_for_transactions
[2026-02-28T15:32:25.817+0000] {task_command.py:426} INFO - Running <TaskInstance: etl_pipeline.wait_for_transactions manual__2026-02-28T15:31:01.202012+00:00 [running]> on host ee8b1bd989de
[2026-02-28T15:32:26.292+0000] {taskinstance.py:2648} INFO - Exporting env vars: AIRFLOW_CTX_DAG_OWNER='***' AIRFLOW_CTX_DAG_ID='etl_pipeline' AIRFLOW_CTX_TASK_ID='wait_for_transactions' AIRFLOW_CTX_EXECUTION_DATE='2026-02-28T15:31:01.202012+00:00' AIRFLOW_CTX_TRY_NUMBER='1' AIRFLOW_CTX_DAG_RUN_ID='manual__2026-02-28T15:31:01.202012+00:00'
[2026-02-28T15:32:26.297+0000] {taskinstance.py:430} INFO - ::endgroup::
[2026-02-28T15:32:26.299+0000] {baseoperator.py:400} WARNING - FileSensor.execute cannot be called outside TaskInstance!
[2026-02-28T15:32:26.315+0000] {base.py:84} INFO - Using connection ID 'fs_default' for task execution.
[2026-02-28T15:32:26.317+0000] {filesystem.py:85} INFO - Poking for file /opt/***/data/incoming/transactions.csv
[2026-02-28T15:32:26.323+0000] {filesystem.py:89} INFO - Found File /opt/***/data/incoming/transactions.csv last modified: 20260207153434
[2026-02-28T15:32:26.324+0000] {base.py:294} INFO - Success criteria met. Exiting.
[2026-02-28T15:32:26.325+0000] {filesystem.py:85} INFO - Poking for file /opt/***/data/incoming/transactions.csv
[2026-02-28T15:32:26.332+0000] {filesystem.py:89} INFO - Found File /opt/***/data/incoming/transactions.csv last modified: 20260207153434
[2026-02-28T15:32:26.333+0000] {taskinstance.py:441} INFO - ::group::Post task execution logs
[2026-02-28T15:32:26.349+0000] {taskinstance.py:1206} INFO - Marking task as SUCCESS. dag_id=etl_pipeline, task_id=wait_for_transactions, run_id=manual__2026-02-28T15:31:01.202012+00:00, execution_date=20260228T153101, start_date=20260228T153225, end_date=20260228T153226
[2026-02-28T15:32:26.436+0000] {local_task_job_runner.py:243} INFO - Task exited with return code 0
[2026-02-28T15:32:26.529+0000] {taskinstance.py:3503} INFO - 1 downstream tasks scheduled from follow-on schedule check
[2026-02-28T15:32:26.663+0000] {local_task_job_runner.py:222} INFO - ::endgroup::
