[2026-02-28T14:35:48.329+0000] {local_task_job_runner.py:120} INFO - ::group::Pre task execution logs
[2026-02-28T14:35:48.467+0000] {taskinstance.py:2076} INFO - Dependencies all met for dep_context=non-requeueable deps ti=<TaskInstance: etl_pipeline.wait_for_products manual__2026-02-28T14:33:29.740290+00:00 [queued]>
[2026-02-28T14:35:48.593+0000] {taskinstance.py:2076} INFO - Dependencies all met for dep_context=requeueable deps ti=<TaskInstance: etl_pipeline.wait_for_products manual__2026-02-28T14:33:29.740290+00:00 [queued]>
[2026-02-28T14:35:48.597+0000] {taskinstance.py:2306} INFO - Starting attempt 1 of 1
[2026-02-28T14:35:48.794+0000] {taskinstance.py:2330} INFO - Executing <Task(FileSensor): wait_for_products> on 2026-02-28 14:33:29.740290+00:00
[2026-02-28T14:35:48.870+0000] {standard_task_runner.py:90} INFO - Running: ['***', 'tasks', 'run', 'etl_pipeline', 'wait_for_products', 'manual__2026-02-28T14:33:29.740290+00:00', '--job-id', '24', '--raw', '--subdir', 'DAGS_FOLDER/etl_pipeline_dag.py', '--cfg-path', '/tmp/tmpzyf4o9fh']
[2026-02-28T14:35:48.967+0000] {standard_task_runner.py:91} INFO - Job 24: Subtask wait_for_products
[2026-02-28T14:35:48.968+0000] {warnings.py:112} WARNING - /home/***/.local/lib/python3.12/site-packages/***/task/task_runner/standard_task_runner.py:62: DeprecationWarning: This process (pid=929) is multi-threaded, use of fork() may lead to deadlocks in the child.
  pid = os.fork()

[2026-02-28T14:35:49.031+0000] {standard_task_runner.py:64} INFO - Started process 958 to run task
[2026-02-28T14:35:50.061+0000] {task_command.py:426} INFO - Running <TaskInstance: etl_pipeline.wait_for_products manual__2026-02-28T14:33:29.740290+00:00 [running]> on host ee8b1bd989de
[2026-02-28T14:35:51.295+0000] {taskinstance.py:2648} INFO - Exporting env vars: AIRFLOW_CTX_DAG_OWNER='***' AIRFLOW_CTX_DAG_ID='etl_pipeline' AIRFLOW_CTX_TASK_ID='wait_for_products' AIRFLOW_CTX_EXECUTION_DATE='2026-02-28T14:33:29.740290+00:00' AIRFLOW_CTX_TRY_NUMBER='1' AIRFLOW_CTX_DAG_RUN_ID='manual__2026-02-28T14:33:29.740290+00:00'
[2026-02-28T14:35:51.308+0000] {taskinstance.py:430} INFO - ::endgroup::
[2026-02-28T14:35:51.311+0000] {baseoperator.py:400} WARNING - FileSensor.execute cannot be called outside TaskInstance!
[2026-02-28T14:35:51.446+0000] {base.py:84} INFO - Using connection ID 'fs_default' for task execution.
[2026-02-28T14:35:51.460+0000] {filesystem.py:85} INFO - Poking for file /opt/***/data/incoming/products.csv
[2026-02-28T14:35:51.484+0000] {filesystem.py:89} INFO - Found File /opt/***/data/incoming/products.csv last modified: 20260212172652
[2026-02-28T14:35:51.485+0000] {base.py:294} INFO - Success criteria met. Exiting.
[2026-02-28T14:35:51.488+0000] {filesystem.py:85} INFO - Poking for file /opt/***/data/incoming/products.csv
[2026-02-28T14:35:51.493+0000] {filesystem.py:89} INFO - Found File /opt/***/data/incoming/products.csv last modified: 20260212172652
[2026-02-28T14:35:51.494+0000] {taskinstance.py:441} INFO - ::group::Post task execution logs
[2026-02-28T14:35:51.523+0000] {taskinstance.py:1206} INFO - Marking task as SUCCESS. dag_id=etl_pipeline, task_id=wait_for_products, run_id=manual__2026-02-28T14:33:29.740290+00:00, execution_date=20260228T143329, start_date=20260228T143548, end_date=20260228T143551
[2026-02-28T14:35:51.885+0000] {local_task_job_runner.py:243} INFO - Task exited with return code 0
[2026-02-28T14:35:52.112+0000] {taskinstance.py:3503} INFO - 1 downstream tasks scheduled from follow-on schedule check
[2026-02-28T14:35:52.186+0000] {local_task_job_runner.py:222} INFO - ::endgroup::
